Altair Feko - Solver (par) Version 2020-444 from 2020-05-13
          Altair Feko - PREFEKO Version 2020-30 from 2020-04-22 [FEK: default 172; used 172] BINARY
          CADFEKO version 2020-372425 (x64) from 2020-05-29
          Copyright (c) 1999-2014 Altair Development S.A. (Pty) Ltd
          Copyright (c) 2014-2020 Altair Engineering, Inc.
          Intel(R) MKL version 2018.0.4 (build 20180808) on Intel(R) Advanced Vector Extensions 2 (Intel(R) AVX2) enabled processors, Intel(R) 64 architecture (1 thread)
Computer: PC WIN64 EM64T MKL IMPI -- DESKTOP-N9TLFMB
          Microsoft Windows 10 vNEXT  (Build 19044), Version 10.0.19044 x64 (SP 0.0)
          Intel(R) Core(TM) i7-8565U CPU @ 1.80GHz; GenuineIntel family 6 model 14 stepping 11 brand id 0
          1 physical CPU with a total of 8 processors found (multi-core CPU with max. 4 cores per physical CPU)
Threads:  OpenMP threading not used
Date:     2022-12-05 12:14:39                     
File:     a PEC sphere
Memory:   Unlimited, system allows maximum usage of 1.904 GByte
          (for parallel runs memory limit is per process)
          (installed memory 7.812 GByte, thereof free 2.813 GByte)
Md5 check:547310B338B45FEFEAAB91E22378444D
MD5 total:6E1EC0F24E3007011BFD1DCF45D8C22D
 Licence:  Altair HyperWorks

Number of parallel processes:       4 on 1 CPUs

Master process      0 on machine: DESKTOP-N9TLFMB                using 1 threads
Server process      1 on machine: DESKTOP-N9TLFMB                using 1 threads
Server process      2 on machine: DESKTOP-N9TLFMB                using 1 threads
Server process      3 on machine: DESKTOP-N9TLFMB                using 1 threads


Spice Engine:  HyperSpice Version 2020-41367 from 2020-01-31

          Scaling of the geometry with factor  1.00000E-02

          Surface of all triangles in m*m:     7.83790E-01



                           FAST MULTIPOLE METHOD (FMM)

 Multilevel FMM is used



                                DATA FOR MEMORY USAGE

 Number of metallic triangles:            3018                                max. triangles:    MAXNDR    =     3018
 Number of dielectric triangles:             0
 Number of aperture triangles:               0
 Number of RL-GO triangles:                  0
 Number of windscreen triangles:             0
 Number of FEM surface triangles:            0
 Number of modal port triangles:             0
 Number of metallic segments:                0                                max. segments:     MAXNSEG   =        0
 Number of combined MoM/MTL segments:        0
 Number of dielectr./magnet. cuboids:        0                                max. cuboids:      MAXNQUA   =        0
 Number of tetrahedra:                       0                                max. tetrahedra:   MAXNTETRA =        0
 Number of edges in PO region:               0                                max. edges:        MAXPOKA   =        0
 Number of wedges in PO region:              0                                max. wedges:       MAXPOKL   =        0
 Number of Fock regions:                     0                                max. Fock regions: MAXFOGE   =        0
 Number of polygonal surfaces:               0                                max. surfaces:     MAXPOLYF  =        0
                                                                              max. corner pts.:  MAXPOLYP  =        0
 Number of UTD cylinders:                    0

 Number of metallic edges (MoM):          4527  unknown:     4527 (electr.)   max. edges:        MAXNKA    =     4527
                                             0  unknown:        0 (magnet.)
 Number of metallic edges (PO):              0  unknown:        0 (electr.)
                                                unknown:        0 (magnet.)
 Number of dielectric edges (MoM):           0  unknown:        0 (electr.)
                                             0                  0 (magnet.)
 Number of dielectric edges (PO):            0  unknown:        0 (electr.)
                                                unknown:        0 (magnet.)
 Number of aperture edges (MoM):             0  unknown:        0 (magnet.) 
 Number of edges FEM/MoM surface:            0  unknown:        0 (electr.)
                                             0                  0 (magnet.)
 Number of nodes between segments:           0  unknown:        0             max. nodes:        MAXNKNO   =        0
 Number of connection points:                0  unknown:        0             max. conn.:        MAXNV     =        0
 Number of dielectric cuboids:               0  unknown:        0             max. cuboids:      MAXNQUA   =        0
 Number of magnetic cuboids:                 0  unknown:        0
 Number of dielectric faces (VEP):           0  unknown:        0
 Number of magnetic faces (VEP):             0  unknown:        0

 Number of basis funct. for MoM:          4527  unknown:     4527             max. basisf.       MAXNZEILE =     4527
 Number of basis funct. for PO:              0  unknown:        0             max. basisf.       MAXNKAPO  =        0

 read from input file:
PS       0    0    3    1    0 1.000E+00 0.000E+00 0.000E+00 0.000E+00 0.000E+00 0.000E+00 0.000E+00 0.000E+00
 read from input file:
CG      -1    0   -1    0    0 0.000E+00 0.000E+00 0.000E+00 0.000E+00-1.000E+00-1.000E+00 0.000E+00 0.000E+00
 read from input file:
DI       1    0   -1    0    0 1.000E+00 0.000E+00 0.000E+00 0.000E+00 0.000E+00 1.000E+03 0.000E+00 0.000E+00
 read from input file:
DI       0    0   -1    0    0 1.000E+00 0.000E+00 0.000E+00 0.000E+00 0.000E+00 1.000E+03 0.000E+00 0.000E+00
 read from input file:
PW       0    0    0    0    0 0.000E+00 0.000E+00 0.000E+00 0.000E+00 0.000E+00 0.000E+00 0.000E+00 0.000E+00
 read from input file:
A0       0    0    1    1    1 1.000E+00 0.000E+00 1.800E+02 9.000E+01 0.000E+00 0.000E+00 0.000E+00 0.000E+00
 read from input file:
FR       0    0    0    0    0 1.000E+09 1.000E+09 1.000E+09 0.000E+00 0.000E+00 0.000E+00 0.000E+00 0.000E+00
 read from input file:
NC       0    0    0    0    0 0.000E+00 0.000E+00 0.000E+00 0.000E+00 0.000E+00 0.000E+00 0.000E+00 0.000E+00
 read from input file:
DA       0    0    0    0    0 0.000E+00 0.000E+00 0.000E+00 0.000E+00 0.000E+00 0.000E+00 0.000E+00 0.000E+00
 read from input file:
DA       0    0    0    0    0 0.000E+00 0.000E+00 0.000E+00 0.000E+00 0.000E+00 0.000E+00 0.000E+00 0.000E+00
 read from input file:
OF       1    0    0    0    0 0.000E+00 0.000E+00 0.000E+00 0.000E+00 0.000E+00 0.000E+00 0.000E+00 0.000E+00
 read from input file:
FF       1    1  361    0    0 9.000E+01 0.000E+00 0.000E+00 1.000E+00 0.000E+00 0.000E+00 0.000E+00 0.000E+00
 
 
      ==============
      CONFIGURATION: StandardConfiguration1
      ==============


                                   DATA FOR DIELECTRIC MEDIA

internal  relative     relative  conductivity   tan(delta)    tan(delta)    wavelength   mass density    volume     medium
index  permittivity permeability   in S/m       (electric)    (magnetic)       in m       in kg/m^3      in m^3
    0      1.00000      1.00000  0.00000E+00   0.00000E+00   0.00000E+00   2.99792E-01   1.00000E+03    infinite    Free space



                    EXCITATION BY INCIDENT PLANE ELECTROMAGNETIC WAVE

 Name:                          only25pec_field
 Excitation index:              1
 Frequency in Hz:               FREQ =    1.00000E+09
 Wavelength in m:               LAMBDA =  2.99792E-01
 Direction of incidence:        THETA =  180.00  PHI =   90.00
 Polarisation:                  LINEAR
 Axial ratio:                   V =      0.0000
 Polarisation angle:            ETA =    0.00
 Direction of propagation:      BETA0X =  0.00000E+00
   (unit vector)                BETA0Y =  0.00000E+00
                                BETA0Z =  1.00000E+00
 Wave number:                   BETA0  = ( 2.09585E+01 +j 0.00000E+00)
 Phase reference point in m:    x =  0.00000E+00, y =  0.00000E+00, z =  0.00000E+00
 Field strength in V/m:         |E0X| =  0.00000E+00   ARG(E0X) =     0.00
   (Phase in degrees)           |E0Y| =  1.00000E+00   ARG(E0Y) =     0.00
                                |E0Z| =  0.00000E+00   ARG(E0Z) =     0.00


                         DATA FOR THE GREEN'S FUNCTION

                                   free space


               All segments and triangles are perfectly conducting.



                                   DATA FOR THE MLFMM

 Number of levels of the MLFMM:                        3
 Top level of the MLFMM:                               2
 Number of boxes at the top level:                    55
 Number of virtual boxes at the top level:             0
 Number of virtual boxes below top level:              0
 Number of boxes at the finest level:                225
 Finest box size DELTA/LAMBDA:                    0.2300
 Number of near field matrix elements:           1306401 (  6.3746 % of full MoM)


                    DISTRIBUTED STORAGE OF MLFMM NEAR FIELD MATRIX

   Number of rows of the process grid:                     4
   Number of columns of the process grid:                  1
   Number of rows of local matrix (proc. 0):            1132

   The local near field matrix with maximum size is located on process 2
   where this maximum size =    1.02 x size of an ideal uniform distribution


                    SUMMARY OF MEMORY REQUIREMENT MLFMM (in MByte)
                       (in total for all parallel processes)

 Storage using single precision

 Near field matrix:                                    14.985
 Far field matrix
        Direction vectors Fourier trans:                0.044
        Fourier trans. basis functions:                 6.631
        Transfer function (maximum estimated):          1.701
        Interpolation and filtering:                    0.128
        Matrix-vector-multiplication:                   1.695
                                                -------------
                                      total:           25.185 MByte
               for comparison classical MoM:          156.355 MByte

     CPU time for calculation of the MoM matrix elements:       0.873 seconds


               PRE-CONDITIONING OF THE LINEAR SET OF EQUATIONS

               Selected preconditioner algorithm: 8193
               Sparse LU preconditioner for the MLFMM
               With CMUMPS version 5.2.1consortium
               Ordering based on AMF
               Block low-rank enabled with low-rank threshold  1.0E-04
               Non-zero entries in preconditioning matrix:         1306401 (total for all processes)
               Non-zero entries in LU factors:                     5270035 (total for all processes)
               Memory usage for the preconditioning: 179.291 MByte (total for all processes)
                                                     49.591 MByte (for most memory-consuming process)

     CPU time for preconditioning:       0.513 seconds
  
 Transfer function memory: compressed size = 1.000 x maximum estimated size


               SOLUTION OF THE LINEAR SET OF EQUATIONS WITH Bi-CGSTAB   

 Maximum number of iterations:                    500
 Stopping criterion (vector norm):        3.00000E-03

     Per process, 52.258 MByte of memory has been allocated dynamically,
     which corresponds to 213.053 MByte in total for all processes together
     (peak memory usage of 52.258 MByte per process so far)

     Stopping after 11 iterations with a minimum residuum of  2.44248E-03

     CPU time for solving the linear set of equations:       0.562 seconds



                              SUMMARY OF LOSSES

          Metallic elements:                          0.0000E+00 W
          Dielectric:                                 0.0000E+00 W
          Mismatch at feed:                           0.0000E+00 W
          Non-radiating networks:                     0.0000E+00 W
          Cables:                                     0.0000E+00 W
          Backward power at passive waveguide ports:  0.0000E+00 W
          Backward power at passive modal ports:      0.0000E+00 W
                                                     -------------
                Sum of all losses:                    0.0000E+00 W


 Far field request with name: only25pec_xoy_field

                     FAST METHOD FOR FAR FIELD CALCULATIONS

                                enabled (MLFMM)


      VALUES OF THE SCATTERED ELECTRIC FIELD STRENGTH IN THE FAR FIELD in V
                    Factor e^(-j*Re{BETA}*R)/R not considered

      LOCATION           ETHETA             EPHI           scattering cross section          POLARISATION
   THETA    PHI      magn.    phase     magn.    phase        in m*m                     axial r. angle   direction
   90.00    0.00   2.176E-04   43.61  1.328E-01 -110.01      2.21660E-01                 0.0007    90.08   LINEAR
   90.00    1.00   1.659E-03   75.00  1.328E-01 -110.01      2.21612E-01                 0.0011    90.71   LINEAR
   90.00    2.00   3.133E-03   77.07  1.327E-01 -110.02      2.21479E-01                 0.0029    91.34   LINEAR
   90.00    3.00   4.608E-03   77.82  1.326E-01 -110.02      2.21259E-01                 0.0047    91.97   LINEAR
   90.00    4.00   6.081E-03   78.21  1.325E-01 -110.02      2.20954E-01                 0.0066    92.60   LINEAR
   90.00    5.00   7.552E-03   78.44  1.323E-01 -110.02      2.20565E-01                 0.0084    93.23   LINEAR
   90.00    6.00   9.021E-03   78.60  1.320E-01 -110.03      2.20091E-01                 0.0102    93.86   LEFT  
   90.00    7.00   1.049E-02   78.72  1.318E-01 -110.03      2.19534E-01                 0.0120    94.50   LEFT  
   90.00    8.00   1.195E-02   78.81  1.314E-01 -110.04      2.18894E-01                 0.0139    95.13   LEFT  
   90.00    9.00   1.341E-02   78.87  1.311E-01 -110.04      2.18173E-01                 0.0157    95.77   LEFT  
   90.00   10.00   1.486E-02   78.93  1.307E-01 -110.04      2.17372E-01                 0.0175    96.41   LEFT  
   90.00   11.00   1.631E-02   78.97  1.302E-01 -110.05      2.16491E-01                 0.0193    97.05   LEFT  
   90.00   12.00   1.775E-02   79.01  1.298E-01 -110.05      2.15533E-01                 0.0212    97.70   LEFT  
   90.00   13.00   1.919E-02   79.05  1.292E-01 -110.06      2.14498E-01                 0.0230    98.34   LEFT  
   90.00   14.00   2.062E-02   79.07  1.287E-01 -110.06      2.13388E-01                 0.0248    99.00   LEFT  
   90.00   15.00   2.204E-02   79.10  1.281E-01 -110.06      2.12204E-01                 0.0266    99.65   LEFT  
   90.00   16.00   2.346E-02   79.12  1.274E-01 -110.07      2.10948E-01                 0.0285   100.31   LEFT  
   90.00   17.00   2.487E-02   79.14  1.267E-01 -110.07      2.09623E-01                 0.0303   100.97   LEFT  
   90.00   18.00   2.627E-02   79.16  1.260E-01 -110.08      2.08228E-01                 0.0321   101.64   LEFT  
   90.00   19.00   2.766E-02   79.18  1.253E-01 -110.08      2.06768E-01                 0.0339   102.31   LEFT  
   90.00   20.00   2.904E-02   79.19  1.245E-01 -110.08      2.05242E-01                 0.0357   102.99   LEFT  
   90.00   21.00   3.042E-02   79.21  1.236E-01 -110.09      2.03655E-01                 0.0375   103.67   LEFT  
   90.00   22.00   3.178E-02   79.22  1.227E-01 -110.09      2.02007E-01                 0.0393   104.36   LEFT  
   90.00   23.00   3.313E-02   79.23  1.218E-01 -110.09      2.00300E-01                 0.0411   105.05   LEFT  
   90.00   24.00   3.448E-02   79.25  1.209E-01 -110.09      1.98538E-01                 0.0429   105.75   LEFT  
   90.00   25.00   3.581E-02   79.26  1.199E-01 -110.09      1.96722E-01                 0.0447   106.46   LEFT  
   90.00   26.00   3.713E-02   79.27  1.189E-01 -110.09      1.94855E-01                 0.0464   107.17   LEFT  
   90.00   27.00   3.844E-02   79.28  1.178E-01 -110.09      1.92940E-01                 0.0482   107.89   LEFT  
   90.00   28.00   3.974E-02   79.30  1.167E-01 -110.09      1.90978E-01                 0.0499   108.62   LEFT  
   90.00   29.00   4.102E-02   79.31  1.156E-01 -110.09      1.88973E-01                 0.0516   109.35   LEFT  
   90.00   30.00   4.229E-02   79.32  1.144E-01 -110.09      1.86926E-01                 0.0533   110.10   LEFT  
   90.00   31.00   4.355E-02   79.33  1.132E-01 -110.09      1.84842E-01                 0.0550   110.85   LEFT  
   90.00   32.00   4.479E-02   79.34  1.120E-01 -110.09      1.82722E-01                 0.0567   111.61   LEFT  
   90.00   33.00   4.602E-02   79.36  1.107E-01 -110.08      1.80569E-01                 0.0583   112.38   LEFT  
   90.00   34.00   4.724E-02   79.37  1.094E-01 -110.08      1.78386E-01                 0.0600   113.16   LEFT  
   90.00   35.00   4.844E-02   79.38  1.080E-01 -110.07      1.76176E-01                 0.0616   113.95   LEFT  
   90.00   36.00   4.963E-02   79.39  1.067E-01 -110.07      1.73942E-01                 0.0631   114.76   LEFT  
   90.00   37.00   5.080E-02   79.41  1.053E-01 -110.07      1.71686E-01                 0.0647   115.57   LEFT  
   90.00   38.00   5.195E-02   79.42  1.038E-01 -110.06      1.69412E-01                 0.0662   116.39   LEFT  
   90.00   39.00   5.309E-02   79.43  1.024E-01 -110.05      1.67122E-01                 0.0677   117.23   LEFT  
   90.00   40.00   5.421E-02   79.44  1.009E-01 -110.05      1.64819E-01                 0.0691   118.07   LEFT  
   90.00   41.00   5.532E-02   79.46  9.936E-02 -110.04      1.62507E-01                 0.0705   118.93   LEFT  
   90.00   42.00   5.641E-02   79.47  9.780E-02 -110.04      1.60187E-01                 0.0718   119.80   LEFT  
   90.00   43.00   5.748E-02   79.48  9.622E-02 -110.03      1.57864E-01                 0.0732   120.69   LEFT  
   90.00   44.00   5.853E-02   79.50  9.461E-02 -110.02      1.55539E-01                 0.0744   121.58   LEFT  
   90.00   45.00   5.957E-02   79.51  9.297E-02 -110.02      1.53216E-01                 0.0756   122.50   LEFT  
   90.00   46.00   6.058E-02   79.52  9.131E-02 -110.01      1.50897E-01                 0.0767   123.42   LEFT  
   90.00   47.00   6.158E-02   79.53  8.962E-02 -110.01      1.48586E-01                 0.0778   124.36   LEFT  
   90.00   48.00   6.256E-02   79.54  8.790E-02 -110.00      1.46284E-01                 0.0788   125.32   LEFT  
   90.00   49.00   6.352E-02   79.56  8.616E-02 -109.99      1.43995E-01                 0.0798   126.29   LEFT  
   90.00   50.00   6.446E-02   79.57  8.439E-02 -109.99      1.41722E-01                 0.0806   127.27   LEFT  
   90.00   51.00   6.539E-02   79.58  8.260E-02 -109.98      1.39467E-01                 0.0814   128.27   LEFT  
   90.00   52.00   6.629E-02   79.59  8.079E-02 -109.98      1.37232E-01                 0.0821   129.29   LEFT  
   90.00   53.00   6.717E-02   79.60  7.895E-02 -109.98      1.35021E-01                 0.0827   130.33   LEFT  
   90.00   54.00   6.803E-02   79.61  7.709E-02 -109.97      1.32835E-01                 0.0832   131.38   LEFT  
   90.00   55.00   6.887E-02   79.62  7.521E-02 -109.97      1.30678E-01                 0.0835   132.44   LEFT  
   90.00   56.00   6.969E-02   79.63  7.331E-02 -109.97      1.28551E-01                 0.0838   133.53   LEFT  
   90.00   57.00   7.048E-02   79.63  7.138E-02 -109.97      1.26458E-01                 0.0840   134.63   LEFT  
   90.00   58.00   7.126E-02   79.64  6.944E-02 -109.97      1.24399E-01                 0.0840   135.75   LEFT  
   90.00   59.00   7.201E-02   79.65  6.747E-02 -109.97      1.22379E-01                 0.0839   136.89   LEFT  
   90.00   60.00   7.275E-02   79.65  6.549E-02 -109.97      1.20398E-01                 0.0837   138.05   LEFT  
   90.00   61.00   7.346E-02   79.66  6.349E-02 -109.97      1.18459E-01                 0.0833   139.22   LEFT  
   90.00   62.00   7.414E-02   79.66  6.147E-02 -109.97      1.16565E-01                 0.0828   140.41   LEFT  
   90.00   63.00   7.481E-02   79.67  5.943E-02 -109.97      1.14716E-01                 0.0821   141.62   LEFT  
   90.00   64.00   7.545E-02   79.67  5.738E-02 -109.98      1.12916E-01                 0.0813   142.85   LEFT  
   90.00   65.00   7.607E-02   79.68  5.531E-02 -109.98      1.11166E-01                 0.0803   144.10   LEFT  
   90.00   66.00   7.667E-02   79.68  5.323E-02 -109.99      1.09467E-01                 0.0792   145.36   LEFT  
   90.00   67.00   7.724E-02   79.68  5.113E-02 -109.99      1.07823E-01                 0.0778   146.65   LEFT  
   90.00   68.00   7.779E-02   79.68  4.901E-02 -110.00      1.06234E-01                 0.0763   147.95   LEFT  
   90.00   69.00   7.832E-02   79.68  4.689E-02 -110.01      1.04702E-01                 0.0746   149.27   LEFT  
   90.00   70.00   7.882E-02   79.68  4.474E-02 -110.02      1.03230E-01                 0.0727   150.60   LEFT  
   90.00   71.00   7.930E-02   79.68  4.259E-02 -110.03      1.01817E-01                 0.0707   151.95   LEFT  
   90.00   72.00   7.975E-02   79.68  4.042E-02 -110.04      1.00467E-01                 0.0684   153.32   LEFT  
   90.00   73.00   8.019E-02   79.68  3.825E-02 -110.05      9.91803E-02                 0.0660   154.70   LEFT  
   90.00   74.00   8.059E-02   79.68  3.606E-02 -110.07      9.79583E-02                 0.0634   156.10   LEFT  
   90.00   75.00   8.097E-02   79.68  3.386E-02 -110.08      9.68025E-02                 0.0605   157.52   LEFT  
   90.00   76.00   8.133E-02   79.68  3.165E-02 -110.10      9.57142E-02                 0.0576   158.94   LEFT  
   90.00   77.00   8.166E-02   79.67  2.944E-02 -110.11      9.46945E-02                 0.0544   160.38   LEFT  
   90.00   78.00   8.197E-02   79.67  2.721E-02 -110.14      9.37445E-02                 0.0511   161.84   LEFT  
   90.00   79.00   8.226E-02   79.67  2.498E-02 -110.16      9.28654E-02                 0.0476   163.31   LEFT  
   90.00   80.00   8.252E-02   79.67  2.274E-02 -110.19      9.20581E-02                 0.0439   164.78   LEFT  
   90.00   81.00   8.275E-02   79.66  2.049E-02 -110.22      9.13236E-02                 0.0401   166.27   LEFT  
   90.00   82.00   8.296E-02   79.66  1.823E-02 -110.26      9.06627E-02                 0.0361   167.77   LEFT  
   90.00   83.00   8.314E-02   79.66  1.598E-02 -110.30      9.00761E-02                 0.0321   169.27   LEFT  
   90.00   84.00   8.330E-02   79.65  1.371E-02 -110.37      8.95647E-02                 0.0279   170.79   LEFT  
   90.00   85.00   8.344E-02   79.65  1.144E-02 -110.45      8.91289E-02                 0.0236   172.31   LEFT  
   90.00   86.00   8.355E-02   79.65  9.172E-03 -110.58      8.87693E-02                 0.0193   173.83   LEFT  
   90.00   87.00   8.363E-02   79.64  6.898E-03 -110.78      8.84865E-02                 0.0148   175.36   LEFT  
   90.00   88.00   8.369E-02   79.64  4.622E-03 -111.19      8.82807E-02                 0.0103   176.89   LEFT  
   90.00   89.00   8.372E-02   79.64  2.345E-03 -112.38      8.81523E-02                 0.0058   178.43   LINEAR
   90.00   90.00   8.373E-02   79.63  1.173E-04 -167.24      8.81016E-02                 0.0013   179.97   LINEAR
   90.00   91.00   8.371E-02   79.63  2.218E-03   72.58      8.81285E-02                 0.0033  -178.49   LINEAR
   90.00   92.00   8.367E-02   79.63  4.497E-03   71.29      8.82332E-02                 0.0078  -176.96   LINEAR
   90.00   93.00   8.361E-02   79.63  6.774E-03   70.86      8.84156E-02                 0.0123  -175.42   RIGHT 
   90.00   94.00   8.351E-02   79.63  9.051E-03   70.65      8.86757E-02                 0.0167  -173.89   RIGHT 
   90.00   95.00   8.340E-02   79.62  1.133E-02   70.53      8.90130E-02                 0.0211  -172.36   RIGHT 
   90.00   96.00   8.326E-02   79.62  1.360E-02   70.45      8.94274E-02                 0.0254  -170.84   RIGHT 
   90.00   97.00   8.309E-02   79.62  1.586E-02   70.39      8.99185E-02                 0.0296  -169.32   RIGHT 
   90.00   98.00   8.290E-02   79.62  1.813E-02   70.34      9.04857E-02                 0.0337  -167.81   RIGHT 
   90.00   99.00   8.268E-02   79.62  2.039E-02   70.31      9.11284E-02                 0.0376  -166.30   RIGHT 
   90.00  100.00   8.244E-02   79.62  2.264E-02   70.29      9.18460E-02                 0.0415  -164.81   RIGHT 
   90.00  101.00   8.217E-02   79.62  2.489E-02   70.27      9.26376E-02                 0.0452  -163.33   RIGHT 
   90.00  102.00   8.188E-02   79.62  2.713E-02   70.25      9.35025E-02                 0.0487  -161.85   RIGHT 
   90.00  103.00   8.157E-02   79.62  2.936E-02   70.24      9.44396E-02                 0.0521  -160.39   RIGHT 
   90.00  104.00   8.123E-02   79.62  3.158E-02   70.23      9.54478E-02                 0.0553  -158.94   RIGHT 
   90.00  105.00   8.086E-02   79.62  3.380E-02   70.22      9.65261E-02                 0.0583  -157.51   RIGHT 
   90.00  106.00   8.047E-02   79.62  3.601E-02   70.21      9.76733E-02                 0.0611  -156.09   RIGHT 
   90.00  107.00   8.006E-02   79.62  3.820E-02   70.21      9.88878E-02                 0.0638  -154.68   RIGHT 
   90.00  108.00   7.963E-02   79.62  4.039E-02   70.20      1.00168E-01                 0.0663  -153.29   RIGHT 
   90.00  109.00   7.916E-02   79.62  4.256E-02   70.20      1.01514E-01                 0.0686  -151.92   RIGHT 
   90.00  110.00   7.868E-02   79.62  4.472E-02   70.20      1.02922E-01                 0.0707  -150.56   RIGHT 
   90.00  111.00   7.817E-02   79.62  4.687E-02   70.20      1.04391E-01                 0.0726  -149.22   RIGHT 
   90.00  112.00   7.764E-02   79.62  4.900E-02   70.20      1.05921E-01                 0.0743  -147.89   RIGHT 
   90.00  113.00   7.708E-02   79.62  5.112E-02   70.20      1.07507E-01                 0.0759  -146.59   RIGHT 
   90.00  114.00   7.650E-02   79.62  5.323E-02   70.20      1.09150E-01                 0.0773  -145.30   RIGHT 
   90.00  115.00   7.590E-02   79.63  5.532E-02   70.19      1.10847E-01                 0.0785  -144.03   RIGHT 
   90.00  116.00   7.528E-02   79.63  5.739E-02   70.19      1.12596E-01                 0.0795  -142.78   RIGHT 
   90.00  117.00   7.463E-02   79.63  5.945E-02   70.19      1.14394E-01                 0.0804  -141.54   RIGHT 
   90.00  118.00   7.396E-02   79.63  6.149E-02   70.19      1.16240E-01                 0.0811  -140.33   RIGHT 
   90.00  119.00   7.326E-02   79.63  6.351E-02   70.19      1.18132E-01                 0.0817  -139.13   RIGHT 
   90.00  120.00   7.254E-02   79.63  6.551E-02   70.19      1.20067E-01                 0.0821  -137.96   RIGHT 
   90.00  121.00   7.181E-02   79.63  6.750E-02   70.19      1.22043E-01                 0.0824  -136.80   RIGHT 
   90.00  122.00   7.105E-02   79.63  6.946E-02   70.19      1.24058E-01                 0.0825  -135.66   RIGHT 
   90.00  123.00   7.026E-02   79.63  7.140E-02   70.19      1.26109E-01                 0.0826  -134.53   RIGHT 
   90.00  124.00   6.946E-02   79.63  7.333E-02   70.19      1.28194E-01                 0.0825  -133.43   RIGHT 
   90.00  125.00   6.863E-02   79.63  7.523E-02   70.19      1.30310E-01                 0.0822  -132.34   RIGHT 
   90.00  126.00   6.779E-02   79.63  7.711E-02   70.18      1.32455E-01                 0.0819  -131.27   RIGHT 
   90.00  127.00   6.692E-02   79.63  7.896E-02   70.18      1.34627E-01                 0.0815  -130.22   RIGHT 
   90.00  128.00   6.603E-02   79.63  8.080E-02   70.18      1.36823E-01                 0.0810  -129.18   RIGHT 
   90.00  129.00   6.512E-02   79.63  8.260E-02   70.17      1.39041E-01                 0.0804  -128.16   RIGHT 
   90.00  130.00   6.419E-02   79.63  8.439E-02   70.17      1.41277E-01                 0.0797  -127.16   RIGHT 
   90.00  131.00   6.325E-02   79.62  8.615E-02   70.17      1.43530E-01                 0.0789  -126.17   RIGHT 
   90.00  132.00   6.228E-02   79.62  8.788E-02   70.16      1.45797E-01                 0.0780  -125.20   RIGHT 
   90.00  133.00   6.129E-02   79.62  8.959E-02   70.16      1.48075E-01                 0.0771  -124.24   RIGHT 
   90.00  134.00   6.028E-02   79.62  9.128E-02   70.15      1.50362E-01                 0.0761  -123.30   RIGHT 
   90.00  135.00   5.926E-02   79.62  9.293E-02   70.15      1.52655E-01                 0.0750  -122.37   RIGHT 
   90.00  136.00   5.822E-02   79.62  9.456E-02   70.14      1.54952E-01                 0.0739  -121.46   RIGHT 
   90.00  137.00   5.715E-02   79.61  9.616E-02   70.13      1.57250E-01                 0.0727  -120.56   RIGHT 
   90.00  138.00   5.608E-02   79.61  9.773E-02   70.13      1.59546E-01                 0.0715  -119.67   RIGHT 
   90.00  139.00   5.498E-02   79.61  9.928E-02   70.12      1.61838E-01                 0.0702  -118.80   RIGHT 
   90.00  140.00   5.387E-02   79.61  1.008E-01   70.11      1.64123E-01                 0.0689  -117.94   RIGHT 
   90.00  141.00   5.274E-02   79.61  1.023E-01   70.11      1.66399E-01                 0.0675  -117.09   RIGHT 
   90.00  142.00   5.159E-02   79.60  1.037E-01   70.10      1.68663E-01                 0.0661  -116.25   RIGHT 
   90.00  143.00   5.043E-02   79.60  1.052E-01   70.09      1.70913E-01                 0.0647  -115.43   RIGHT 
   90.00  144.00   4.926E-02   79.60  1.065E-01   70.09      1.73145E-01                 0.0632  -114.61   RIGHT 
   90.00  145.00   4.806E-02   79.60  1.079E-01   70.08      1.75358E-01                 0.0617  -113.81   RIGHT 
   90.00  146.00   4.686E-02   79.59  1.092E-01   70.07      1.77549E-01                 0.0601  -113.02   RIGHT 
   90.00  147.00   4.564E-02   79.59  1.105E-01   70.07      1.79714E-01                 0.0586  -112.24   RIGHT 
   90.00  148.00   4.440E-02   79.59  1.118E-01   70.06      1.81852E-01                 0.0570  -111.46   RIGHT 
   90.00  149.00   4.316E-02   79.59  1.130E-01   70.05      1.83960E-01                 0.0554  -110.70   RIGHT 
   90.00  150.00   4.190E-02   79.58  1.142E-01   70.05      1.86036E-01                 0.0537  -109.94   RIGHT 
   90.00  151.00   4.062E-02   79.58  1.154E-01   70.04      1.88076E-01                 0.0521  -109.20   RIGHT 
   90.00  152.00   3.934E-02   79.58  1.165E-01   70.03      1.90078E-01                 0.0504  -108.46   RIGHT 
   90.00  153.00   3.804E-02   79.57  1.176E-01   70.03      1.92039E-01                 0.0487  -107.73   RIGHT 
   90.00  154.00   3.673E-02   79.57  1.187E-01   70.02      1.93958E-01                 0.0470  -107.01   RIGHT 
   90.00  155.00   3.542E-02   79.56  1.197E-01   70.02      1.95830E-01                 0.0452  -106.30   RIGHT 
   90.00  156.00   3.409E-02   79.56  1.207E-01   70.01      1.97655E-01                 0.0435  -105.59   RIGHT 
   90.00  157.00   3.275E-02   79.55  1.216E-01   70.00      1.99429E-01                 0.0417  -104.89   RIGHT 
   90.00  158.00   3.140E-02   79.55  1.226E-01   70.00      2.01149E-01                 0.0399  -104.20   RIGHT 
   90.00  159.00   3.004E-02   79.54  1.234E-01   70.00      2.02814E-01                 0.0382  -103.52   RIGHT 
   90.00  160.00   2.867E-02   79.53  1.243E-01   69.99      2.04421E-01                 0.0364  -102.84   RIGHT 
   90.00  161.00   2.730E-02   79.52  1.251E-01   69.99      2.05967E-01                 0.0346  -102.16   RIGHT 
   90.00  162.00   2.592E-02   79.51  1.258E-01   69.98      2.07450E-01                 0.0327  -101.49   RIGHT 
   90.00  163.00   2.452E-02   79.50  1.266E-01   69.98      2.08868E-01                 0.0309  -100.83   RIGHT 
   90.00  164.00   2.313E-02   79.49  1.273E-01   69.98      2.10219E-01                 0.0291  -100.17   RIGHT 
   90.00  165.00   2.172E-02   79.47  1.279E-01   69.97      2.11500E-01                 0.0272   -99.52   RIGHT 
   90.00  166.00   2.031E-02   79.45  1.285E-01   69.97      2.12710E-01                 0.0254   -98.87   RIGHT 
   90.00  167.00   1.889E-02   79.42  1.291E-01   69.97      2.13846E-01                 0.0236   -98.22   RIGHT 
   90.00  168.00   1.747E-02   79.40  1.296E-01   69.97      2.14907E-01                 0.0217   -97.58   RIGHT 
   90.00  169.00   1.604E-02   79.36  1.301E-01   69.96      2.15891E-01                 0.0198   -96.94   RIGHT 
   90.00  170.00   1.461E-02   79.32  1.305E-01   69.96      2.16795E-01                 0.0180   -96.30   RIGHT 
   90.00  171.00   1.317E-02   79.27  1.309E-01   69.96      2.17620E-01                 0.0161   -95.67   RIGHT 
   90.00  172.00   1.173E-02   79.21  1.313E-01   69.96      2.18363E-01                 0.0143   -95.04   RIGHT 
   90.00  173.00   1.029E-02   79.13  1.316E-01   69.96      2.19022E-01                 0.0124   -94.41   RIGHT 
   90.00  174.00   8.843E-03   79.02  1.319E-01   69.96      2.19598E-01                 0.0105   -93.79   RIGHT 
   90.00  175.00   7.393E-03   78.87  1.321E-01   69.95      2.20088E-01                 0.0086   -93.16   LINEAR
   90.00  176.00   5.942E-03   78.64  1.323E-01   69.95      2.20492E-01                 0.0068   -92.54   LINEAR
   90.00  177.00   4.488E-03   78.27  1.325E-01   69.95      2.20810E-01                 0.0049   -91.92   LINEAR
   90.00  178.00   3.034E-03   77.55  1.326E-01   69.95      2.21040E-01                 0.0030   -91.30   LINEAR
   90.00  179.00   1.580E-03   75.49  1.327E-01   69.95      2.21183E-01                 0.0012   -90.68   LINEAR
   90.00  180.00   1.671E-04   35.01  1.327E-01   69.95      2.21238E-01                 0.0007   -90.06   LINEAR
   90.00  181.00   1.343E-03  -95.22  1.327E-01   69.95      2.21204E-01                 0.0026   -89.44   LINEAR
   90.00  182.00   2.797E-03  -97.84  1.326E-01   69.95      2.21083E-01                 0.0045   -88.82   LINEAR
   90.00  183.00   4.252E-03  -98.67  1.325E-01   69.94      2.20875E-01                 0.0063   -88.20   LINEAR
   90.00  184.00   5.707E-03  -99.08  1.324E-01   69.94      2.20579E-01                 0.0082   -87.58   LINEAR
   90.00  185.00   7.159E-03  -99.33  1.322E-01   69.94      2.20196E-01                 0.0101   -86.95   LEFT  
   90.00  186.00   8.610E-03  -99.50  1.320E-01   69.94      2.19728E-01                 0.0119   -86.33   LEFT  
   90.00  187.00   1.006E-02  -99.62  1.317E-01   69.94      2.19174E-01                 0.0138   -85.70   LEFT  
   90.00  188.00   1.151E-02  -99.71  1.314E-01   69.94      2.18537E-01                 0.0156   -85.07   LEFT  
   90.00  189.00   1.295E-02  -99.78  1.310E-01   69.94      2.17816E-01                 0.0175   -84.44   LEFT  
   90.00  190.00   1.439E-02  -99.85  1.306E-01   69.94      2.17013E-01                 0.0193   -83.81   LEFT  
   90.00  191.00   1.582E-02  -99.90  1.302E-01   69.93      2.16131E-01                 0.0212   -83.18   LEFT  
   90.00  192.00   1.725E-02  -99.94  1.297E-01   69.93      2.15169E-01                 0.0230   -82.54   LEFT  
   90.00  193.00   1.868E-02  -99.98  1.292E-01   69.93      2.14130E-01                 0.0248   -81.89   LEFT  
   90.00  194.00   2.010E-02 -100.02  1.286E-01   69.93      2.13015E-01                 0.0266   -81.25   LEFT  
   90.00  195.00   2.151E-02 -100.05  1.280E-01   69.93      2.11827E-01                 0.0284   -80.60   LEFT  
   90.00  196.00   2.292E-02 -100.08  1.274E-01   69.93      2.10567E-01                 0.0303   -79.94   LEFT  
   90.00  197.00   2.432E-02 -100.11  1.267E-01   69.93      2.09236E-01                 0.0321   -79.28   LEFT  
   90.00  198.00   2.571E-02 -100.13  1.260E-01   69.93      2.07838E-01                 0.0339   -78.62   LEFT  
   90.00  199.00   2.710E-02 -100.16  1.253E-01   69.93      2.06374E-01                 0.0356   -77.95   LEFT  
   90.00  200.00   2.848E-02 -100.18  1.245E-01   69.93      2.04847E-01                 0.0374   -77.28   LEFT  
   90.00  201.00   2.985E-02 -100.20  1.236E-01   69.92      2.03258E-01                 0.0392   -76.60   LEFT  
   90.00  202.00   3.121E-02 -100.22  1.228E-01   69.92      2.01610E-01                 0.0409   -75.91   LEFT  
   90.00  203.00   3.257E-02 -100.24  1.218E-01   69.92      1.99905E-01                 0.0427   -75.22   LEFT  
   90.00  204.00   3.391E-02 -100.26  1.209E-01   69.92      1.98146E-01                 0.0444   -74.52   LEFT  
   90.00  205.00   3.524E-02 -100.27  1.199E-01   69.92      1.96335E-01                 0.0462   -73.81   LEFT  
   90.00  206.00   3.657E-02 -100.29  1.189E-01   69.92      1.94474E-01                 0.0479   -73.10   LEFT  
   90.00  207.00   3.788E-02 -100.31  1.179E-01   69.92      1.92567E-01                 0.0496   -72.38   LEFT  
   90.00  208.00   3.918E-02 -100.32  1.168E-01   69.92      1.90615E-01                 0.0513   -71.65   LEFT  
   90.00  209.00   4.047E-02 -100.33  1.156E-01   69.92      1.88620E-01                 0.0529   -70.92   LEFT  
   90.00  210.00   4.175E-02 -100.35  1.145E-01   69.92      1.86587E-01                 0.0546   -70.17   LEFT  
   90.00  211.00   4.301E-02 -100.36  1.133E-01   69.92      1.84516E-01                 0.0562   -69.42   LEFT  
   90.00  212.00   4.426E-02 -100.37  1.121E-01   69.92      1.82411E-01                 0.0578   -68.65   LEFT  
   90.00  213.00   4.550E-02 -100.38  1.108E-01   69.92      1.80274E-01                 0.0594   -67.88   LEFT  
   90.00  214.00   4.673E-02 -100.39  1.095E-01   69.92      1.78109E-01                 0.0610   -67.10   LEFT  
   90.00  215.00   4.794E-02 -100.40  1.082E-01   69.92      1.75917E-01                 0.0625   -66.30   LEFT  
   90.00  216.00   4.914E-02 -100.41  1.068E-01   69.92      1.73701E-01                 0.0641   -65.50   LEFT  
   90.00  217.00   5.032E-02 -100.42  1.054E-01   69.92      1.71464E-01                 0.0655   -64.68   LEFT  
   90.00  218.00   5.149E-02 -100.42  1.040E-01   69.92      1.69209E-01                 0.0670   -63.86   LEFT  
   90.00  219.00   5.264E-02 -100.43  1.025E-01   69.92      1.66939E-01                 0.0684   -63.02   LEFT  
   90.00  220.00   5.378E-02 -100.44  1.010E-01   69.92      1.64655E-01                 0.0698   -62.17   LEFT  
   90.00  221.00   5.490E-02 -100.44  9.953E-02   69.92      1.62362E-01                 0.0712   -61.30   LEFT  
   90.00  222.00   5.600E-02 -100.45  9.798E-02   69.92      1.60061E-01                 0.0725   -60.43   LEFT  
   90.00  223.00   5.709E-02 -100.45  9.641E-02   69.92      1.57756E-01                 0.0737   -59.54   LEFT  
   90.00  224.00   5.816E-02 -100.46  9.480E-02   69.92      1.55449E-01                 0.0749   -58.63   LEFT  
   90.00  225.00   5.922E-02 -100.46  9.317E-02   69.92      1.53143E-01                 0.0761   -57.72   LEFT  
   90.00  226.00   6.025E-02 -100.47  9.151E-02   69.92      1.50841E-01                 0.0772   -56.79   LEFT  
   90.00  227.00   6.127E-02 -100.47  8.982E-02   69.92      1.48545E-01                 0.0782   -55.84   LEFT  
   90.00  228.00   6.227E-02 -100.48  8.810E-02   69.92      1.46259E-01                 0.0791   -54.88   LEFT  
   90.00  229.00   6.325E-02 -100.48  8.636E-02   69.92      1.43985E-01                 0.0800   -53.90   LEFT  
   90.00  230.00   6.421E-02 -100.48  8.459E-02   69.91      1.41725E-01                 0.0808   -52.91   LEFT  
   90.00  231.00   6.515E-02 -100.49  8.280E-02   69.91      1.39484E-01                 0.0816   -51.90   LEFT  
   90.00  232.00   6.607E-02 -100.49  8.098E-02   69.91      1.37263E-01                 0.0822   -50.87   LEFT  
   90.00  233.00   6.697E-02 -100.49  7.914E-02   69.91      1.35064E-01                 0.0828   -49.82   LEFT  
   90.00  234.00   6.786E-02 -100.50  7.727E-02   69.91      1.32892E-01                 0.0832   -48.76   LEFT  
   90.00  235.00   6.872E-02 -100.50  7.538E-02   69.91      1.30748E-01                 0.0835   -47.69   LEFT  
   90.00  236.00   6.956E-02 -100.50  7.347E-02   69.91      1.28635E-01                 0.0838   -46.59   LEFT  
   90.00  237.00   7.038E-02 -100.51  7.154E-02   69.90      1.26555E-01                 0.0839   -45.48   LEFT  
   90.00  238.00   7.118E-02 -100.51  6.959E-02   69.90      1.24512E-01                 0.0839   -44.34   LEFT  
   90.00  239.00   7.195E-02 -100.51  6.761E-02   69.90      1.22507E-01                 0.0837   -43.19   LEFT  
   90.00  240.00   7.271E-02 -100.51  6.562E-02   69.90      1.20543E-01                 0.0834   -42.03   LEFT  
   90.00  241.00   7.344E-02 -100.52  6.361E-02   69.90      1.18621E-01                 0.0830   -40.84   LEFT  
   90.00  242.00   7.415E-02 -100.52  6.158E-02   69.90      1.16746E-01                 0.0824   -39.63   LEFT  
   90.00  243.00   7.484E-02 -100.52  5.953E-02   69.89      1.14918E-01                 0.0817   -38.41   LEFT  
   90.00  244.00   7.551E-02 -100.52  5.747E-02   69.89      1.13139E-01                 0.0808   -37.17   LEFT  
   90.00  245.00   7.615E-02 -100.53  5.538E-02   69.89      1.11413E-01                 0.0797   -35.91   LEFT  
   90.00  246.00   7.677E-02 -100.53  5.329E-02   69.89      1.09740E-01                 0.0785   -34.63   LEFT  
   90.00  247.00   7.736E-02 -100.53  5.117E-02   69.89      1.08122E-01                 0.0771   -33.34   LEFT  
   90.00  248.00   7.794E-02 -100.53  4.905E-02   69.88      1.06562E-01                 0.0755   -32.03   LEFT  
   90.00  249.00   7.849E-02 -100.53  4.691E-02   69.88      1.05062E-01                 0.0737   -30.70   LEFT  
   90.00  250.00   7.901E-02 -100.54  4.476E-02   69.88      1.03621E-01                 0.0718   -29.35   LEFT  
   90.00  251.00   7.951E-02 -100.54  4.259E-02   69.88      1.02243E-01                 0.0696   -27.99   LEFT  
   90.00  252.00   7.999E-02 -100.54  4.041E-02   69.88      1.00929E-01                 0.0673   -26.61   LEFT  
   90.00  253.00   8.044E-02 -100.54  3.822E-02   69.87      9.96795E-02                 0.0648   -25.22   LEFT  
   90.00  254.00   8.087E-02 -100.54  3.603E-02   69.87      9.84963E-02                 0.0621   -23.81   LEFT  
   90.00  255.00   8.127E-02 -100.54  3.382E-02   69.87      9.73805E-02                 0.0593   -22.39   LEFT  
   90.00  256.00   8.165E-02 -100.54  3.160E-02   69.87      9.63333E-02                 0.0563   -20.96   LEFT  
   90.00  257.00   8.201E-02 -100.54  2.938E-02   69.86      9.53554E-02                 0.0531   -19.51   LEFT  
   90.00  258.00   8.234E-02 -100.54  2.714E-02   69.86      9.44480E-02                 0.0497   -18.05   LEFT  
   90.00  259.00   8.264E-02 -100.54  2.490E-02   69.85      9.36117E-02                 0.0462   -16.58   LEFT  
   90.00  260.00   8.292E-02 -100.54  2.266E-02   69.85      9.28474E-02                 0.0425   -15.11   LEFT  
   90.00  261.00   8.317E-02 -100.54  2.040E-02   69.84      9.21556E-02                 0.0387   -13.62   LEFT  
   90.00  262.00   8.340E-02 -100.54  1.815E-02   69.83      9.15369E-02                 0.0348   -12.12   LEFT  
   90.00  263.00   8.360E-02 -100.54  1.588E-02   69.81      9.09918E-02                 0.0308   -10.62   LEFT  
   90.00  264.00   8.377E-02 -100.54  1.362E-02   69.79      9.05206E-02                 0.0266    -9.11   LEFT  
   90.00  265.00   8.392E-02 -100.54  1.135E-02   69.76      9.01238E-02                 0.0224    -7.60   LEFT  
   90.00  266.00   8.405E-02 -100.54  9.077E-03   69.71      8.98015E-02                 0.0181    -6.08   LEFT  
   90.00  267.00   8.414E-02 -100.54  6.803E-03   69.62      8.95539E-02                 0.0137    -4.56   LEFT  
   90.00  268.00   8.422E-02 -100.54  4.527E-03   69.43      8.93811E-02                 0.0093    -3.03   LINEAR
   90.00  269.00   8.426E-02 -100.54  2.251E-03   68.85      8.92831E-02                 0.0049    -1.50   LINEAR
   90.00  270.00   8.428E-02 -100.54  5.203E-05  -49.05      8.92599E-02                 0.0005     0.02   LINEAR
   90.00  271.00   8.427E-02 -100.54  2.302E-03 -108.84      8.93113E-02                 0.0039     1.55   LINEAR
   90.00  272.00   8.424E-02 -100.53  4.576E-03 -109.40      8.94372E-02                 0.0083     3.07   LINEAR
   90.00  273.00   8.418E-02 -100.53  6.849E-03 -109.58      8.96372E-02                 0.0127     4.59   RIGHT 
   90.00  274.00   8.409E-02 -100.53  9.120E-03 -109.67      8.99111E-02                 0.0170     6.11   RIGHT 
   90.00  275.00   8.398E-02 -100.53  1.139E-02 -109.72      9.02584E-02                 0.0213     7.63   RIGHT 
   90.00  276.00   8.384E-02 -100.53  1.365E-02 -109.75      9.06787E-02                 0.0254     9.14   RIGHT 
   90.00  277.00   8.368E-02 -100.52  1.591E-02 -109.77      9.11716E-02                 0.0295    10.64   RIGHT 
   90.00  278.00   8.349E-02 -100.52  1.817E-02 -109.78      9.17363E-02                 0.0335    12.14   RIGHT 
   90.00  279.00   8.327E-02 -100.52  2.042E-02 -109.79      9.23723E-02                 0.0373    13.62   RIGHT 
   90.00  280.00   8.303E-02 -100.52  2.266E-02 -109.80      9.30788E-02                 0.0410    15.10   RIGHT 
   90.00  281.00   8.276E-02 -100.52  2.490E-02 -109.80      9.38551E-02                 0.0446    16.57   RIGHT 
   90.00  282.00   8.246E-02 -100.51  2.713E-02 -109.80      9.47004E-02                 0.0480    18.03   RIGHT 
   90.00  283.00   8.214E-02 -100.51  2.935E-02 -109.80      9.56138E-02                 0.0513    19.48   RIGHT 
   90.00  284.00   8.179E-02 -100.51  3.157E-02 -109.80      9.65943E-02                 0.0544    20.91   RIGHT 
   90.00  285.00   8.142E-02 -100.51  3.377E-02 -109.80      9.76409E-02                 0.0573    22.34   RIGHT 
   90.00  286.00   8.102E-02 -100.51  3.597E-02 -109.80      9.87527E-02                 0.0601    23.75   RIGHT 
   90.00  287.00   8.060E-02 -100.50  3.815E-02 -109.80      9.99284E-02                 0.0627    25.14   RIGHT 
   90.00  288.00   8.015E-02 -100.50  4.032E-02 -109.80      1.01167E-01                 0.0651    26.52   RIGHT 
   90.00  289.00   7.968E-02 -100.50  4.249E-02 -109.80      1.02467E-01                 0.0674    27.89   RIGHT 
   90.00  290.00   7.918E-02 -100.50  4.464E-02 -109.80      1.03828E-01                 0.0695    29.24   RIGHT 
   90.00  291.00   7.866E-02 -100.50  4.678E-02 -109.80      1.05247E-01                 0.0714    30.58   RIGHT 
   90.00  292.00   7.811E-02 -100.50  4.890E-02 -109.80      1.06724E-01                 0.0731    31.90   RIGHT 
   90.00  293.00   7.754E-02 -100.50  5.101E-02 -109.80      1.08257E-01                 0.0746    33.20   RIGHT 
   90.00  294.00   7.695E-02 -100.49  5.311E-02 -109.80      1.09845E-01                 0.0760    34.49   RIGHT 
   90.00  295.00   7.633E-02 -100.49  5.519E-02 -109.80      1.11486E-01                 0.0772    35.75   RIGHT 
   90.00  296.00   7.569E-02 -100.49  5.725E-02 -109.80      1.13179E-01                 0.0783    37.01   RIGHT 
   90.00  297.00   7.502E-02 -100.49  5.930E-02 -109.80      1.14921E-01                 0.0792    38.24   RIGHT 
   90.00  298.00   7.434E-02 -100.49  6.133E-02 -109.80      1.16712E-01                 0.0799    39.45   RIGHT 
   90.00  299.00   7.363E-02 -100.49  6.335E-02 -109.81      1.18549E-01                 0.0805    40.65   RIGHT 
   90.00  300.00   7.289E-02 -100.49  6.535E-02 -109.81      1.20431E-01                 0.0810    41.83   RIGHT 
   90.00  301.00   7.214E-02 -100.49  6.733E-02 -109.81      1.22356E-01                 0.0813    43.00   RIGHT 
   90.00  302.00   7.136E-02 -100.49  6.929E-02 -109.82      1.24322E-01                 0.0815    44.14   RIGHT 
   90.00  303.00   7.057E-02 -100.49  7.123E-02 -109.82      1.26326E-01                 0.0816    45.27   RIGHT 
   90.00  304.00   6.975E-02 -100.49  7.315E-02 -109.82      1.28367E-01                 0.0815    46.38   RIGHT 
   90.00  305.00   6.891E-02 -100.50  7.505E-02 -109.83      1.30443E-01                 0.0813    47.47   RIGHT 
   90.00  306.00   6.805E-02 -100.50  7.693E-02 -109.83      1.32552E-01                 0.0811    48.55   RIGHT 
   90.00  307.00   6.717E-02 -100.50  7.878E-02 -109.84      1.34692E-01                 0.0807    49.61   RIGHT 
   90.00  308.00   6.627E-02 -100.50  8.062E-02 -109.85      1.36859E-01                 0.0802    50.65   RIGHT 
   90.00  309.00   6.535E-02 -100.50  8.243E-02 -109.85      1.39052E-01                 0.0796    51.68   RIGHT 
   90.00  310.00   6.441E-02 -100.50  8.422E-02 -109.86      1.41269E-01                 0.0789    52.69   RIGHT 
   90.00  311.00   6.345E-02 -100.50  8.599E-02 -109.87      1.43507E-01                 0.0782    53.68   RIGHT 
   90.00  312.00   6.248E-02 -100.51  8.773E-02 -109.87      1.45764E-01                 0.0774    54.66   RIGHT 
   90.00  313.00   6.148E-02 -100.51  8.944E-02 -109.88      1.48037E-01                 0.0765    55.63   RIGHT 
   90.00  314.00   6.047E-02 -100.51  9.114E-02 -109.89      1.50323E-01                 0.0755    56.57   RIGHT 
   90.00  315.00   5.944E-02 -100.51  9.280E-02 -109.89      1.52620E-01                 0.0745    57.51   RIGHT 
   90.00  316.00   5.839E-02 -100.51  9.444E-02 -109.90      1.54925E-01                 0.0734    58.43   RIGHT 
   90.00  317.00   5.733E-02 -100.51  9.605E-02 -109.91      1.57236E-01                 0.0722    59.33   RIGHT 
   90.00  318.00   5.625E-02 -100.51  9.764E-02 -109.92      1.59549E-01                 0.0710    60.22   RIGHT 
   90.00  319.00   5.515E-02 -100.52  9.919E-02 -109.92      1.61862E-01                 0.0698    61.10   RIGHT 
   90.00  320.00   5.403E-02 -100.52  1.007E-01 -109.93      1.64172E-01                 0.0685    61.97   RIGHT 
   90.00  321.00   5.290E-02 -100.52  1.022E-01 -109.94      1.66476E-01                 0.0671    62.82   RIGHT 
   90.00  322.00   5.175E-02 -100.52  1.037E-01 -109.94      1.68771E-01                 0.0657    63.66   RIGHT 
   90.00  323.00   5.059E-02 -100.52  1.051E-01 -109.95      1.71054E-01                 0.0643    64.49   RIGHT 
   90.00  324.00   4.941E-02 -100.52  1.065E-01 -109.96      1.73321E-01                 0.0628    65.31   RIGHT 
   90.00  325.00   4.822E-02 -100.52  1.079E-01 -109.96      1.75571E-01                 0.0614    66.12   RIGHT 
   90.00  326.00   4.701E-02 -100.52  1.093E-01 -109.97      1.77799E-01                 0.0598    66.91   RIGHT 
   90.00  327.00   4.579E-02 -100.51  1.106E-01 -109.97      1.80004E-01                 0.0583    67.70   RIGHT 
   90.00  328.00   4.456E-02 -100.51  1.119E-01 -109.98      1.82180E-01                 0.0567    68.48   RIGHT 
   90.00  329.00   4.331E-02 -100.51  1.131E-01 -109.98      1.84327E-01                 0.0551    69.24   RIGHT 
   90.00  330.00   4.205E-02 -100.50  1.143E-01 -109.99      1.86440E-01                 0.0535    70.00   RIGHT 
   90.00  331.00   4.077E-02 -100.50  1.155E-01 -109.99      1.88517E-01                 0.0519    70.75   RIGHT 
   90.00  332.00   3.948E-02 -100.49  1.166E-01 -109.99      1.90554E-01                 0.0502    71.49   RIGHT 
   90.00  333.00   3.818E-02 -100.49  1.177E-01 -110.00      1.92548E-01                 0.0486    72.22   RIGHT 
   90.00  334.00   3.687E-02 -100.48  1.188E-01 -110.00      1.94498E-01                 0.0469    72.95   RIGHT 
   90.00  335.00   3.554E-02 -100.47  1.199E-01 -110.00      1.96398E-01                 0.0452    73.66   RIGHT 
   90.00  336.00   3.420E-02 -100.47  1.209E-01 -110.00      1.98248E-01                 0.0435    74.37   RIGHT 
   90.00  337.00   3.286E-02 -100.46  1.218E-01 -110.01      2.00044E-01                 0.0418    75.08   RIGHT 
   90.00  338.00   3.150E-02 -100.45  1.227E-01 -110.01      2.01784E-01                 0.0401    75.78   RIGHT 
   90.00  339.00   3.013E-02 -100.43  1.236E-01 -110.01      2.03464E-01                 0.0383    76.47   RIGHT 
   90.00  340.00   2.875E-02 -100.42  1.245E-01 -110.01      2.05083E-01                 0.0366    77.15   RIGHT 
   90.00  341.00   2.737E-02 -100.40  1.253E-01 -110.01      2.06638E-01                 0.0348    77.83   RIGHT 
   90.00  342.00   2.597E-02 -100.39  1.260E-01 -110.01      2.08126E-01                 0.0331    78.51   RIGHT 
   90.00  343.00   2.456E-02 -100.37  1.268E-01 -110.01      2.09546E-01                 0.0313    79.17   RIGHT 
   90.00  344.00   2.315E-02 -100.35  1.275E-01 -110.01      2.10895E-01                 0.0295    79.84   RIGHT 
   90.00  345.00   2.173E-02 -100.32  1.281E-01 -110.01      2.12171E-01                 0.0278    80.50   RIGHT 
   90.00  346.00   2.030E-02 -100.30  1.287E-01 -110.01      2.13373E-01                 0.0260    81.16   RIGHT 
   90.00  347.00   1.887E-02 -100.27  1.293E-01 -110.01      2.14499E-01                 0.0242    81.81   RIGHT 
   90.00  348.00   1.743E-02 -100.23  1.298E-01 -110.01      2.15547E-01                 0.0224    82.46   RIGHT 
   90.00  349.00   1.598E-02 -100.19  1.303E-01 -110.01      2.16516E-01                 0.0206    83.11   RIGHT 
   90.00  350.00   1.453E-02 -100.14  1.307E-01 -110.00      2.17404E-01                 0.0188    83.75   RIGHT 
   90.00  351.00   1.307E-02 -100.08  1.311E-01 -110.00      2.18211E-01                 0.0170    84.39   RIGHT 
   90.00  352.00   1.161E-02 -100.01  1.315E-01 -110.00      2.18935E-01                 0.0152    85.03   RIGHT 
   90.00  353.00   1.014E-02  -99.91  1.318E-01 -110.00      2.19575E-01                 0.0134    85.67   RIGHT 
   90.00  354.00   8.676E-03  -99.79  1.321E-01 -110.00      2.20130E-01                 0.0116    86.30   RIGHT 
   90.00  355.00   7.205E-03  -99.61  1.323E-01 -110.00      2.20600E-01                 0.0098    86.93   LINEAR
   90.00  356.00   5.731E-03  -99.35  1.325E-01 -110.01      2.20985E-01                 0.0080    87.57   LINEAR
   90.00  357.00   4.257E-03  -98.90  1.326E-01 -110.01      2.21283E-01                 0.0062    88.20   LINEAR
   90.00  358.00   2.781E-03  -97.99  1.327E-01 -110.01      2.21495E-01                 0.0044    88.83   LINEAR
   90.00  359.00   1.307E-03  -95.02  1.328E-01 -110.01      2.21621E-01                 0.0025    89.46   LINEAR
   90.00  360.00   2.176E-04   43.61  1.328E-01 -110.01      2.21660E-01                 0.0007    90.08   LINEAR

 read from input file:
DA       0    0    0    0    0 0.000E+00 0.000E+00 0.000E+00 0.000E+00 0.000E+00 0.000E+00 0.000E+00 0.000E+00
 read from input file:
OF       1    0    0    0    0 0.000E+00 0.000E+00 0.000E+00 0.000E+00 0.000E+00 0.000E+00 0.000E+00 0.000E+00
 read from input file:
FF       1  361    1    0    0 0.000E+00 0.000E+00 1.000E+00 0.000E+00 0.000E+00 0.000E+00 0.000E+00 0.000E+00

 Far field request with name: only25pec_zox_field

                     FAST METHOD FOR FAR FIELD CALCULATIONS

                                enabled (MLFMM)


      VALUES OF THE SCATTERED ELECTRIC FIELD STRENGTH IN THE FAR FIELD in V
                    Factor e^(-j*Re{BETA}*R)/R not considered

      LOCATION           ETHETA             EPHI           scattering cross section          POLARISATION
   THETA    PHI      magn.    phase     magn.    phase        in m*m                     axial r. angle   direction
    0.00    0.00   2.045E-04 -167.76  6.894E-01  -87.15      5.97324E+00                 0.0003    90.00   LINEAR
    1.00    0.00   2.014E-04 -168.08  6.886E-01  -87.11      5.95861E+00                 0.0003    90.00   LINEAR
    2.00    0.00   1.982E-04 -168.43  6.861E-01  -86.98      5.91514E+00                 0.0003    90.00   LINEAR
    3.00    0.00   1.949E-04 -168.81  6.819E-01  -86.78      5.84346E+00                 0.0003    90.00   LINEAR
    4.00    0.00   1.916E-04 -169.22  6.761E-01  -86.48      5.74456E+00                 0.0003    90.00   LINEAR
    5.00    0.00   1.881E-04 -169.67  6.687E-01  -86.11      5.61984E+00                 0.0003    90.00   LINEAR
    6.00    0.00   1.846E-04 -170.16  6.598E-01  -85.64      5.47101E+00                 0.0003    90.00   LINEAR
    7.00    0.00   1.811E-04 -170.69  6.494E-01  -85.09      5.30012E+00                 0.0003    90.00   LINEAR
    8.00    0.00   1.774E-04 -171.26  6.376E-01  -84.44      5.10945E+00                 0.0003    90.00   LINEAR
    9.00    0.00   1.737E-04 -171.87  6.245E-01  -83.70      4.90152E+00                 0.0003    90.00   LINEAR
   10.00    0.00   1.700E-04 -172.53  6.102E-01  -82.86      4.67899E+00                 0.0003    90.00   LINEAR
   11.00    0.00   1.662E-04 -173.24  5.947E-01  -81.92      4.44464E+00                 0.0003    90.00   LINEAR
   12.00    0.00   1.624E-04 -173.99  5.782E-01  -80.87      4.20132E+00                 0.0003    90.00   LINEAR
   13.00    0.00   1.585E-04 -174.80  5.608E-01  -79.71      3.95186E+00                 0.0003    90.00   LINEAR
   14.00    0.00   1.546E-04 -175.65  5.426E-01  -78.43      3.69905E+00                 0.0003    90.00   LINEAR
   15.00    0.00   1.508E-04 -176.56  5.236E-01  -77.02      3.44557E+00                 0.0003    90.00   LINEAR
   16.00    0.00   1.469E-04 -177.53  5.042E-01  -75.49      3.19398E+00                 0.0003    90.00   LINEAR
   17.00    0.00   1.430E-04 -178.55  4.842E-01  -73.81      2.94665E+00                 0.0003    90.00   LINEAR
   18.00    0.00   1.392E-04 -179.63  4.640E-01  -71.98      2.70571E+00                 0.0003    90.01   LINEAR
   19.00    0.00   1.353E-04  179.23  4.436E-01  -70.00      2.47309E+00                 0.0003    90.01   LINEAR
   20.00    0.00   1.315E-04  178.03  4.232E-01  -67.85      2.25043E+00                 0.0003    90.01   LINEAR
   21.00    0.00   1.278E-04  176.76  4.028E-01  -65.51      2.03911E+00                 0.0003    90.01   LINEAR
   22.00    0.00   1.240E-04  175.42  3.827E-01  -62.98      1.84024E+00                 0.0003    90.01   LINEAR
   23.00    0.00   1.203E-04  174.01  3.629E-01  -60.24      1.65464E+00                 0.0003    90.01   LINEAR
   24.00    0.00   1.167E-04  172.52  3.435E-01  -57.28      1.48286E+00                 0.0003    90.01   LINEAR
   25.00    0.00   1.131E-04  170.95  3.247E-01  -54.08      1.32520E+00                 0.0002    90.01   LINEAR
   26.00    0.00   1.096E-04  169.29  3.067E-01  -50.63      1.18173E+00                 0.0002    90.02   LINEAR
   27.00    0.00   1.061E-04  167.54  2.894E-01  -46.92      1.05229E+00                 0.0002    90.02   LINEAR
   28.00    0.00   1.027E-04  165.70  2.730E-01  -42.92      9.36515E-01                 0.0002    90.02   LINEAR
   29.00    0.00   9.937E-05  163.74  2.576E-01  -38.65      8.33905E-01                 0.0001    90.02   LINEAR
   30.00    0.00   9.611E-05  161.66  2.433E-01  -34.08      7.43801E-01                 0.0001    90.02   LINEAR
   31.00    0.00   9.292E-05  159.46  2.301E-01  -29.22      6.65439E-01                 0.0001    90.02   LINEAR
   32.00    0.00   8.983E-05  157.11  2.181E-01  -24.08      5.97973E-01                 0.0000    90.02   LINEAR
   33.00    0.00   8.682E-05  154.61  2.074E-01  -18.68      5.40504E-01                 0.0000    90.02   LINEAR
   34.00    0.00   8.393E-05  151.94  1.979E-01  -13.04      4.92099E-01                 0.0001    90.02   LINEAR
   35.00    0.00   8.116E-05  149.08  1.896E-01   -7.19      4.51820E-01                 0.0002    90.02   LINEAR
   36.00    0.00   7.853E-05  146.02  1.825E-01   -1.19      4.18742E-01                 0.0002    90.02   LINEAR
   37.00    0.00   7.606E-05  142.74  1.766E-01    4.93      3.91968E-01                 0.0003    90.02   LINEAR
   38.00    0.00   7.377E-05  139.23  1.717E-01   11.10      3.70645E-01                 0.0003    90.02   LINEAR
   39.00    0.00   7.171E-05  135.48  1.678E-01   17.29      3.53974E-01                 0.0004    90.01   LINEAR
   40.00    0.00   6.989E-05  131.49  1.648E-01   23.43      3.41220E-01                 0.0004    90.01   LINEAR
   41.00    0.00   6.836E-05  127.26  1.625E-01   29.50      3.31712E-01                 0.0004    90.00   LINEAR
   42.00    0.00   6.715E-05  122.80  1.608E-01   35.47      3.24852E-01                 0.0004    90.00   LINEAR
   43.00    0.00   6.630E-05  118.15  1.596E-01   41.31      3.20108E-01                 0.0004    89.99   LINEAR
   44.00    0.00   6.585E-05  113.34  1.588E-01   47.00      3.17019E-01                 0.0004   -90.01   LINEAR
   45.00    0.00   6.582E-05  108.43  1.584E-01   52.55      3.15186E-01                 0.0003   -90.01   LINEAR
   46.00    0.00   6.624E-05  103.48  1.581E-01   57.96      3.14272E-01                 0.0003   -90.02   LINEAR
   47.00    0.00   6.712E-05   98.56  1.581E-01   63.22      3.13992E-01                 0.0002   -90.02   LINEAR
   48.00    0.00   6.845E-05   93.74  1.581E-01   68.35      3.14111E-01                 0.0002   -90.02   LINEAR
   49.00    0.00   7.024E-05   89.06  1.582E-01   73.35      3.14436E-01                 0.0001   -90.02   LINEAR
   50.00    0.00   7.246E-05   84.60  1.583E-01   78.24      3.14810E-01                 0.0001   -90.03   LINEAR
   51.00    0.00   7.508E-05   80.37  1.584E-01   83.02      3.15108E-01                 0.0000   -90.03   LINEAR
   52.00    0.00   7.808E-05   76.41  1.584E-01   87.71      3.15228E-01                 0.0001   -90.03   LINEAR
   53.00    0.00   8.142E-05   72.73  1.583E-01   92.30      3.15093E-01                 0.0002   -90.03   LINEAR
   54.00    0.00   8.505E-05   69.33  1.582E-01   96.82      3.14641E-01                 0.0002   -90.03   LINEAR
   55.00    0.00   8.895E-05   66.20  1.580E-01  101.28      3.13825E-01                 0.0003   -90.03   LINEAR
   56.00    0.00   9.307E-05   63.34  1.577E-01  105.67      3.12611E-01                 0.0004   -90.02   LINEAR
   57.00    0.00   9.737E-05   60.72  1.573E-01  110.01      3.10975E-01                 0.0005   -90.02   LINEAR
   58.00    0.00   1.018E-04   58.33  1.568E-01  114.30      3.08901E-01                 0.0005   -90.02   LINEAR
   59.00    0.00   1.064E-04   56.16  1.561E-01  118.55      3.06384E-01                 0.0006   -90.02   LINEAR
   60.00    0.00   1.110E-04   54.18  1.554E-01  122.77      3.03426E-01                 0.0007   -90.01   LINEAR
   61.00    0.00   1.157E-04   52.39  1.545E-01  126.97      3.00037E-01                 0.0007   -90.01   LINEAR
   62.00    0.00   1.205E-04   50.76  1.535E-01  131.14      2.96237E-01                 0.0008   -90.01   LINEAR
   63.00    0.00   1.252E-04   49.28  1.524E-01  135.31      2.92053E-01                 0.0008   -90.00   LINEAR
   64.00    0.00   1.299E-04   47.94  1.513E-01  139.47      2.87521E-01                 0.0009   -90.00   LINEAR
   65.00    0.00   1.346E-04   46.73  1.500E-01  143.63      2.82684E-01                 0.0009   -89.99   LINEAR
   66.00    0.00   1.392E-04   45.64  1.486E-01  147.80      2.77595E-01                 0.0009   -89.99   LINEAR
   67.00    0.00   1.437E-04   44.66  1.472E-01  151.98      2.72311E-01                 0.0009   -89.98   LINEAR
   68.00    0.00   1.481E-04   43.79  1.457E-01  156.18      2.66898E-01                 0.0009   -89.98   LINEAR
   69.00    0.00   1.524E-04   43.01  1.442E-01  160.41      2.61425E-01                 0.0009   -89.97   LINEAR
   70.00    0.00   1.567E-04   42.33  1.427E-01  164.66      2.55964E-01                 0.0009   -89.97   LINEAR
   71.00    0.00   1.607E-04   41.73  1.412E-01  168.94      2.50590E-01                 0.0009   -89.96   LINEAR
   72.00    0.00   1.647E-04   41.22  1.397E-01  173.26      2.45376E-01                 0.0009   -89.95   LINEAR
   73.00    0.00   1.685E-04   40.79  1.383E-01  177.60      2.40395E-01                 0.0008   -89.95   LINEAR
   74.00    0.00   1.722E-04   40.43  1.370E-01 -178.02      2.35715E-01                 0.0008   -89.94   LINEAR
   75.00    0.00   1.757E-04   40.15  1.357E-01 -173.61      2.31397E-01                 0.0007   -89.94   LINEAR
   76.00    0.00   1.791E-04   39.94  1.345E-01 -169.19      2.27496E-01                 0.0006   -89.93   LINEAR
   77.00    0.00   1.824E-04   39.80  1.335E-01 -164.74      2.24057E-01                 0.0006   -89.93   LINEAR
   78.00    0.00   1.855E-04   39.73  1.326E-01 -160.30      2.21115E-01                 0.0005   -89.92   LINEAR
   79.00    0.00   1.886E-04   39.73  1.319E-01 -155.85      2.18695E-01                 0.0004   -89.92   LINEAR
   80.00    0.00   1.915E-04   39.80  1.314E-01 -151.41      2.16806E-01                 0.0003   -89.92   LINEAR
   81.00    0.00   1.943E-04   39.93  1.309E-01 -147.00      2.15450E-01                 0.0002   -89.92   LINEAR
   82.00    0.00   1.971E-04   40.12  1.307E-01 -142.63      2.14612E-01                 0.0001   -89.91   LINEAR
   83.00    0.00   1.998E-04   40.37  1.306E-01 -138.30      2.14269E-01                 0.0000   -89.91   LINEAR
   84.00    0.00   2.024E-04   40.69  1.306E-01 -134.03      2.14384E-01                 0.0001    90.09   LINEAR
   85.00    0.00   2.049E-04   41.05  1.308E-01 -129.83      2.14913E-01                 0.0002    90.09   LINEAR
   86.00    0.00   2.075E-04   41.47  1.310E-01 -125.69      2.15801E-01                 0.0004    90.09   LINEAR
   87.00    0.00   2.100E-04   41.94  1.314E-01 -121.64      2.16988E-01                 0.0005    90.09   LINEAR
   88.00    0.00   2.125E-04   42.46  1.318E-01 -117.68      2.18407E-01                 0.0005    90.09   LINEAR
   89.00    0.00   2.150E-04   43.02  1.323E-01 -113.80      2.19987E-01                 0.0006    90.09   LINEAR
   90.00    0.00   2.176E-04   43.61  1.328E-01 -110.01      2.21660E-01                 0.0007    90.08   LINEAR
   91.00    0.00   2.202E-04   44.24  1.333E-01 -106.31      2.23352E-01                 0.0008    90.08   LINEAR
   92.00    0.00   2.228E-04   44.90  1.338E-01 -102.69      2.24996E-01                 0.0009    90.08   LINEAR
   93.00    0.00   2.254E-04   45.58  1.343E-01  -99.16      2.26526E-01                 0.0010    90.08   LINEAR
   94.00    0.00   2.281E-04   46.27  1.347E-01  -95.71      2.27884E-01                 0.0010    90.08   LINEAR
   95.00    0.00   2.309E-04   46.98  1.350E-01  -92.33      2.29016E-01                 0.0011    90.07   LINEAR
   96.00    0.00   2.337E-04   47.70  1.353E-01  -89.01      2.29878E-01                 0.0012    90.07   LINEAR
   97.00    0.00   2.365E-04   48.41  1.354E-01  -85.76      2.30434E-01                 0.0013    90.07   LINEAR
   98.00    0.00   2.394E-04   49.12  1.355E-01  -82.56      2.30657E-01                 0.0013    90.07   LINEAR
   99.00    0.00   2.423E-04   49.82  1.354E-01  -79.41      2.30531E-01                 0.0014    90.06   LINEAR
  100.00    0.00   2.452E-04   50.51  1.353E-01  -76.31      2.30047E-01                 0.0015    90.06   LINEAR
  101.00    0.00   2.481E-04   51.18  1.351E-01  -73.23      2.29209E-01                 0.0015    90.06   LINEAR
  102.00    0.00   2.510E-04   51.82  1.347E-01  -70.19      2.28028E-01                 0.0016    90.06   LINEAR
  103.00    0.00   2.538E-04   52.44  1.343E-01  -67.16      2.26525E-01                 0.0016    90.05   LINEAR
  104.00    0.00   2.566E-04   53.02  1.337E-01  -64.15      2.24726E-01                 0.0017    90.05   LINEAR
  105.00    0.00   2.593E-04   53.57  1.331E-01  -61.15      2.22667E-01                 0.0018    90.05   LINEAR
  106.00    0.00   2.619E-04   54.09  1.324E-01  -58.16      2.20387E-01                 0.0018    90.04   LINEAR
  107.00    0.00   2.643E-04   54.56  1.317E-01  -55.17      2.17931E-01                 0.0019    90.04   LINEAR
  108.00    0.00   2.667E-04   54.99  1.309E-01  -52.17      2.15347E-01                 0.0019    90.03   LINEAR
  109.00    0.00   2.688E-04   55.37  1.301E-01  -49.17      2.12685E-01                 0.0020    90.03   LINEAR
  110.00    0.00   2.708E-04   55.71  1.293E-01  -46.17      2.09993E-01                 0.0020    90.02   LINEAR
  111.00    0.00   2.725E-04   55.99  1.284E-01  -43.16      2.07323E-01                 0.0021    90.02   LINEAR
  112.00    0.00   2.741E-04   56.23  1.276E-01  -40.14      2.04721E-01                 0.0021    90.01   LINEAR
  113.00    0.00   2.754E-04   56.42  1.269E-01  -37.11      2.02233E-01                 0.0022    90.01   LINEAR
  114.00    0.00   2.764E-04   56.55  1.261E-01  -34.08      1.99902E-01                 0.0022    90.00   LINEAR
  115.00    0.00   2.771E-04   56.63  1.254E-01  -31.05      1.97762E-01                 0.0022    89.99   LINEAR
  116.00    0.00   2.776E-04   56.65  1.248E-01  -28.03      1.95848E-01                 0.0022    89.99   LINEAR
  117.00    0.00   2.778E-04   56.62  1.243E-01  -25.01      1.94185E-01                 0.0022    89.98   LINEAR
  118.00    0.00   2.777E-04   56.53  1.239E-01  -22.01      1.92793E-01                 0.0022    89.97   LINEAR
  119.00    0.00   2.773E-04   56.38  1.235E-01  -19.03      1.91688E-01                 0.0022    89.97   LINEAR
  120.00    0.00   2.766E-04   56.17  1.232E-01  -16.08      1.90877E-01                 0.0021    89.96   LINEAR
  121.00    0.00   2.757E-04   55.89  1.231E-01  -13.16      1.90362E-01                 0.0021    89.95   LINEAR
  122.00    0.00   2.744E-04   55.56  1.230E-01  -10.29      1.90141E-01                 0.0020    89.95   LINEAR
  123.00    0.00   2.729E-04   55.17  1.230E-01   -7.46      1.90203E-01                 0.0020    89.94   LINEAR
  124.00    0.00   2.712E-04   54.71  1.231E-01   -4.69      1.90534E-01                 0.0019    89.94   LINEAR
  125.00    0.00   2.692E-04   54.18  1.233E-01   -1.98      1.91115E-01                 0.0018    89.93   LINEAR
  126.00    0.00   2.670E-04   53.60  1.236E-01    0.66      1.91923E-01                 0.0017    89.93   LINEAR
  127.00    0.00   2.647E-04   52.94  1.239E-01    3.24      1.92931E-01                 0.0016    89.92   LINEAR
  128.00    0.00   2.621E-04   52.23  1.243E-01    5.74      1.94109E-01                 0.0015    89.92   LINEAR
  129.00    0.00   2.595E-04   51.44  1.247E-01    8.16      1.95427E-01                 0.0014    89.91   LINEAR
  130.00    0.00   2.567E-04   50.60  1.252E-01   10.50      1.96851E-01                 0.0013    89.91   LINEAR
  131.00    0.00   2.539E-04   49.69  1.256E-01   12.77      1.98347E-01                 0.0012    89.91   LINEAR
  132.00    0.00   2.510E-04   48.72  1.261E-01   14.95      1.99882E-01                 0.0011    89.91   LINEAR
  133.00    0.00   2.481E-04   47.69  1.266E-01   17.05      2.01421E-01                 0.0010    89.90   LINEAR
  134.00    0.00   2.452E-04   46.61  1.271E-01   19.08      2.02932E-01                 0.0009    89.90   LINEAR
  135.00    0.00   2.423E-04   45.47  1.275E-01   21.02      2.04384E-01                 0.0008    89.90   LINEAR
  136.00    0.00   2.395E-04   44.29  1.280E-01   22.89      2.05748E-01                 0.0007    89.90   LINEAR
  137.00    0.00   2.368E-04   43.06  1.283E-01   24.68      2.06997E-01                 0.0006    89.90   LINEAR
  138.00    0.00   2.343E-04   41.81  1.287E-01   26.40      2.08107E-01                 0.0005    89.90   LINEAR
  139.00    0.00   2.318E-04   40.52  1.290E-01   28.05      2.09056E-01                 0.0004    89.90   LINEAR
  140.00    0.00   2.295E-04   39.21  1.292E-01   29.63      2.09827E-01                 0.0003    89.90   LINEAR
  141.00    0.00   2.274E-04   37.89  1.294E-01   31.15      2.10405E-01                 0.0002    89.90   LINEAR
  142.00    0.00   2.255E-04   36.57  1.295E-01   32.60      2.10777E-01                 0.0001    89.90   LINEAR
  143.00    0.00   2.237E-04   35.25  1.296E-01   34.00      2.10935E-01                 0.0000    89.90   LINEAR
  144.00    0.00   2.221E-04   33.95  1.295E-01   35.34      2.10875E-01                 0.0000    89.90   LINEAR
  145.00    0.00   2.207E-04   32.67  1.295E-01   36.62      2.10594E-01                 0.0001    89.90   LINEAR
  146.00    0.00   2.194E-04   31.43  1.293E-01   37.85      2.10094E-01                 0.0002    89.90   LINEAR
  147.00    0.00   2.183E-04   30.23  1.291E-01   39.03      2.09378E-01                 0.0003    89.90   LINEAR
  148.00    0.00   2.174E-04   29.07  1.288E-01   40.17      2.08453E-01                 0.0003    89.91   LINEAR
  149.00    0.00   2.166E-04   27.98  1.284E-01   41.26      2.07327E-01                 0.0004    89.91   LINEAR
  150.00    0.00   2.159E-04   26.94  1.280E-01   42.30      2.06012E-01                 0.0004    89.91   LINEAR
  151.00    0.00   2.154E-04   25.98  1.276E-01   43.31      2.04521E-01                 0.0005    89.91   LINEAR
  152.00    0.00   2.149E-04   25.08  1.271E-01   44.28      2.02867E-01                 0.0006    89.91   LINEAR
  153.00    0.00   2.145E-04   24.27  1.265E-01   45.21      2.01068E-01                 0.0006   -90.09   LINEAR
  154.00    0.00   2.141E-04   23.53  1.259E-01   46.10      1.99139E-01                 0.0007   -90.09   LINEAR
  155.00    0.00   2.137E-04   22.87  1.252E-01   46.96      1.97099E-01                 0.0007   -90.09   LINEAR
  156.00    0.00   2.134E-04   22.29  1.246E-01   47.78      1.94966E-01                 0.0007   -90.09   LINEAR
  157.00    0.00   2.130E-04   21.80  1.239E-01   48.57      1.92759E-01                 0.0008   -90.09   LINEAR
  158.00    0.00   2.126E-04   21.38  1.231E-01   49.33      1.90496E-01                 0.0008   -90.09   LINEAR
  159.00    0.00   2.121E-04   21.05  1.224E-01   50.06      1.88195E-01                 0.0008   -90.09   LINEAR
  160.00    0.00   2.116E-04   20.79  1.216E-01   50.75      1.85876E-01                 0.0009   -90.09   LINEAR
  161.00    0.00   2.110E-04   20.61  1.209E-01   51.42      1.83556E-01                 0.0009   -90.09   LINEAR
  162.00    0.00   2.103E-04   20.50  1.201E-01   52.06      1.81252E-01                 0.0009   -90.09   LINEAR
  163.00    0.00   2.095E-04   20.46  1.193E-01   52.66      1.78980E-01                 0.0009   -90.09   LINEAR
  164.00    0.00   2.086E-04   20.48  1.186E-01   53.23      1.76758E-01                 0.0010   -90.08   LINEAR
  165.00    0.00   2.076E-04   20.56  1.179E-01   53.78      1.74599E-01                 0.0010   -90.08   LINEAR
  166.00    0.00   2.064E-04   20.70  1.172E-01   54.29      1.72517E-01                 0.0010   -90.08   LINEAR
  167.00    0.00   2.051E-04   20.89  1.165E-01   54.77      1.70526E-01                 0.0010   -90.08   LINEAR
  168.00    0.00   2.036E-04   21.13  1.158E-01   55.21      1.68638E-01                 0.0010   -90.08   LINEAR
  169.00    0.00   2.019E-04   21.40  1.152E-01   55.63      1.66862E-01                 0.0010   -90.08   LINEAR
  170.00    0.00   2.001E-04   21.72  1.147E-01   56.01      1.65211E-01                 0.0010   -90.08   LINEAR
  171.00    0.00   1.981E-04   22.07  1.141E-01   56.36      1.63691E-01                 0.0010   -90.08   LINEAR
  172.00    0.00   1.960E-04   22.44  1.136E-01   56.67      1.62312E-01                 0.0010   -90.08   LINEAR
  173.00    0.00   1.936E-04   22.84  1.132E-01   56.95      1.61080E-01                 0.0010   -90.08   LINEAR
  174.00    0.00   1.911E-04   23.25  1.128E-01   57.19      1.60001E-01                 0.0009   -90.08   LINEAR
  175.00    0.00   1.883E-04   23.68  1.125E-01   57.40      1.59081E-01                 0.0009   -90.08   LINEAR
  176.00    0.00   1.854E-04   24.11  1.122E-01   57.57      1.58324E-01                 0.0009   -90.08   LINEAR
  177.00    0.00   1.823E-04   24.54  1.120E-01   57.70      1.57734E-01                 0.0009   -90.08   LINEAR
  178.00    0.00   1.790E-04   24.96  1.119E-01   57.79      1.57312E-01                 0.0009   -90.08   LINEAR
  179.00    0.00   1.755E-04   25.38  1.118E-01   57.85      1.57062E-01                 0.0008   -90.08   LINEAR
  180.00    0.00   1.718E-04   25.78  1.118E-01   57.87      1.56984E-01                 0.0008   -90.07   LINEAR
  181.00    0.00   1.678E-04   26.15  1.118E-01   57.85      1.57079E-01                 0.0008   -90.07   LINEAR
  182.00    0.00   1.637E-04   26.49  1.119E-01   57.79      1.57346E-01                 0.0008   -90.07   LINEAR
  183.00    0.00   1.594E-04   26.80  1.121E-01   57.70      1.57784E-01                 0.0007   -90.07   LINEAR
  184.00    0.00   1.550E-04   27.07  1.123E-01   57.56      1.58391E-01                 0.0007   -90.07   LINEAR
  185.00    0.00   1.503E-04   27.29  1.125E-01   57.39      1.59165E-01                 0.0007   -90.07   LINEAR
  186.00    0.00   1.454E-04   27.45  1.129E-01   57.19      1.60101E-01                 0.0006   -90.06   LINEAR
  187.00    0.00   1.404E-04   27.54  1.133E-01   56.94      1.61197E-01                 0.0006   -90.06   LINEAR
  188.00    0.00   1.352E-04   27.56  1.137E-01   56.67      1.62445E-01                 0.0006   -90.06   LINEAR
  189.00    0.00   1.299E-04   27.48  1.142E-01   56.35      1.63840E-01                 0.0005   -90.06   LINEAR
  190.00    0.00   1.244E-04   27.31  1.147E-01   56.01      1.65376E-01                 0.0005   -90.05   LINEAR
  191.00    0.00   1.189E-04   27.03  1.153E-01   55.62      1.67043E-01                 0.0005   -90.05   LINEAR
  192.00    0.00   1.132E-04   26.61  1.159E-01   55.21      1.68834E-01                 0.0005   -90.05   LINEAR
  193.00    0.00   1.074E-04   26.04  1.166E-01   54.76      1.70737E-01                 0.0004   -90.05   LINEAR
  194.00    0.00   1.016E-04   25.30  1.172E-01   54.29      1.72742E-01                 0.0004   -90.04   LINEAR
  195.00    0.00   9.568E-05   24.35  1.180E-01   53.78      1.74837E-01                 0.0004   -90.04   LINEAR
  196.00    0.00   8.979E-05   23.16  1.187E-01   53.23      1.77009E-01                 0.0004   -90.04   LINEAR
  197.00    0.00   8.392E-05   21.69  1.194E-01   52.66      1.79243E-01                 0.0004   -90.03   LINEAR
  198.00    0.00   7.810E-05   19.89  1.202E-01   52.06      1.81524E-01                 0.0003   -90.03   LINEAR
  199.00    0.00   7.238E-05   17.69  1.210E-01   51.43      1.83837E-01                 0.0003   -90.03   LINEAR
  200.00    0.00   6.682E-05   15.01  1.217E-01   50.76      1.86165E-01                 0.0003   -90.03   LINEAR
  201.00    0.00   6.147E-05   11.76  1.225E-01   50.07      1.88491E-01                 0.0003   -90.02   LINEAR
  202.00    0.00   5.641E-05    7.82  1.232E-01   49.35      1.90795E-01                 0.0003   -90.02   LINEAR
  203.00    0.00   5.173E-05    3.08  1.239E-01   48.59      1.93061E-01                 0.0003   -90.02   LINEAR
  204.00    0.00   4.755E-05   -2.59  1.247E-01   47.80      1.95269E-01                 0.0003   -90.01   LINEAR
  205.00    0.00   4.400E-05   -9.27  1.253E-01   46.98      1.97400E-01                 0.0003   -90.01   LINEAR
  206.00    0.00   4.120E-05  -16.94  1.260E-01   46.13      1.99435E-01                 0.0003   -90.01   LINEAR
  207.00    0.00   3.929E-05  -25.45  1.266E-01   45.24      2.01357E-01                 0.0003   -90.01   LINEAR
  208.00    0.00   3.835E-05  -34.48  1.271E-01   44.31      2.03147E-01                 0.0003    90.00   LINEAR
  209.00    0.00   3.839E-05  -43.56  1.277E-01   43.35      2.04789E-01                 0.0003    90.00   LINEAR
  210.00    0.00   3.934E-05  -52.23  1.281E-01   42.35      2.06265E-01                 0.0003    90.00   LINEAR
  211.00    0.00   4.107E-05  -60.17  1.285E-01   41.30      2.07563E-01                 0.0003    90.00   LINEAR
  212.00    0.00   4.342E-05  -67.19  1.289E-01   40.22      2.08669E-01                 0.0003    90.01   LINEAR
  213.00    0.00   4.621E-05  -73.28  1.291E-01   39.09      2.09571E-01                 0.0003    90.01   LINEAR
  214.00    0.00   4.931E-05  -78.53  1.294E-01   37.91      2.10261E-01                 0.0003    90.01   LINEAR
  215.00    0.00   5.260E-05  -83.04  1.295E-01   36.68      2.10733E-01                 0.0004    90.01   LINEAR
  216.00    0.00   5.597E-05  -86.94  1.296E-01   35.40      2.10983E-01                 0.0004    90.01   LINEAR
  217.00    0.00   5.936E-05  -90.35  1.296E-01   34.07      2.11010E-01                 0.0004    90.01   LINEAR
  218.00    0.00   6.271E-05  -93.36  1.295E-01   32.68      2.10816E-01                 0.0004    90.02   LINEAR
  219.00    0.00   6.598E-05  -96.05  1.294E-01   31.23      2.10406E-01                 0.0004    90.02   LINEAR
  220.00    0.00   6.914E-05  -98.49  1.292E-01   29.71      2.09789E-01                 0.0004    90.02   LINEAR
  221.00    0.00   7.217E-05 -100.74  1.290E-01   28.13      2.08976E-01                 0.0004    90.02   LINEAR
  222.00    0.00   7.504E-05 -102.83  1.286E-01   26.49      2.07984E-01                 0.0005    90.02   LINEAR
  223.00    0.00   7.776E-05 -104.81  1.283E-01   24.77      2.06830E-01                 0.0005    90.02   LINEAR
  224.00    0.00   8.031E-05 -106.69  1.279E-01   22.98      2.05535E-01                 0.0005    90.02   LINEAR
  225.00    0.00   8.269E-05 -108.52  1.275E-01   21.11      2.04125E-01                 0.0005    90.02   LINEAR
  226.00    0.00   8.491E-05 -110.31  1.270E-01   19.17      2.02627E-01                 0.0005    90.02   LINEAR
  227.00    0.00   8.698E-05 -112.06  1.265E-01   17.15      2.01069E-01                 0.0005    90.02   LINEAR
  228.00    0.00   8.889E-05 -113.81  1.260E-01   15.04      1.99483E-01                 0.0005    90.03   LINEAR
  229.00    0.00   9.066E-05 -115.55  1.255E-01   12.86      1.97903E-01                 0.0006    90.03   LINEAR
  230.00    0.00   9.231E-05 -117.30  1.250E-01   10.60      1.96361E-01                 0.0006    90.03   LINEAR
  231.00    0.00   9.385E-05 -119.07  1.245E-01    8.25      1.94893E-01                 0.0006    90.03   LINEAR
  232.00    0.00   9.530E-05 -120.85  1.241E-01    5.83      1.93533E-01                 0.0006    90.03   LINEAR
  233.00    0.00   9.667E-05 -122.64  1.237E-01    3.32      1.92313E-01                 0.0006    90.03   LINEAR
  234.00    0.00   9.798E-05 -124.46  1.234E-01    0.75      1.91265E-01                 0.0006    90.03   LINEAR
  235.00    0.00   9.925E-05 -126.29  1.231E-01   -1.90      1.90420E-01                 0.0007    90.03   LINEAR
  236.00    0.00   1.005E-04 -128.13  1.229E-01   -4.62      1.89804E-01                 0.0007    90.03   LINEAR
  237.00    0.00   1.018E-04 -129.99  1.228E-01   -7.39      1.89440E-01                 0.0007    90.03   LINEAR
  238.00    0.00   1.030E-04 -131.84  1.228E-01  -10.22      1.89348E-01                 0.0007    90.03   LINEAR
  239.00    0.00   1.043E-04 -133.68  1.228E-01  -13.10      1.89543E-01                 0.0007    90.02   LINEAR
  240.00    0.00   1.056E-04 -135.51  1.230E-01  -16.02      1.90033E-01                 0.0007    90.02   LINEAR
  241.00    0.00   1.070E-04 -137.31  1.232E-01  -18.98      1.90822E-01                 0.0008    90.02   LINEAR
  242.00    0.00   1.085E-04 -139.07  1.236E-01  -21.97      1.91909E-01                 0.0008    90.02   LINEAR
  243.00    0.00   1.100E-04 -140.77  1.240E-01  -24.97      1.93285E-01                 0.0008    90.02   LINEAR
  244.00    0.00   1.116E-04 -142.42  1.245E-01  -28.00      1.94936E-01                 0.0008    90.02   LINEAR
  245.00    0.00   1.133E-04 -143.99  1.252E-01  -31.03      1.96841E-01                 0.0008    90.02   LINEAR
  246.00    0.00   1.151E-04 -145.48  1.258E-01  -34.06      1.98973E-01                 0.0009    90.02   LINEAR
  247.00    0.00   1.169E-04 -146.87  1.266E-01  -37.10      2.01302E-01                 0.0009    90.02   LINEAR
  248.00    0.00   1.188E-04 -148.16  1.273E-01  -40.13      2.03788E-01                 0.0009    90.02   LINEAR
  249.00    0.00   1.207E-04 -149.34  1.282E-01  -43.16      2.06392E-01                 0.0009    90.02   LINEAR
  250.00    0.00   1.227E-04 -150.40  1.290E-01  -46.17      2.09067E-01                 0.0009    90.01   LINEAR
  251.00    0.00   1.248E-04 -151.33  1.298E-01  -49.18      2.11766E-01                 0.0009    90.01   LINEAR
  252.00    0.00   1.268E-04 -152.14  1.306E-01  -52.19      2.14438E-01                 0.0010    90.01   LINEAR
  253.00    0.00   1.289E-04 -152.81  1.314E-01  -55.18      2.17034E-01                 0.0010    90.01   LINEAR
  254.00    0.00   1.310E-04 -153.35  1.322E-01  -58.18      2.19504E-01                 0.0010    90.01   LINEAR
  255.00    0.00   1.331E-04 -153.75  1.329E-01  -61.18      2.21800E-01                 0.0010    90.00   LINEAR
  256.00    0.00   1.352E-04 -154.01  1.335E-01  -64.18      2.23878E-01                 0.0010    90.00   LINEAR
  257.00    0.00   1.373E-04 -154.14  1.340E-01  -67.19      2.25697E-01                 0.0010    90.00   LINEAR
  258.00    0.00   1.394E-04 -154.12  1.345E-01  -70.22      2.27223E-01                 0.0010    89.99   LINEAR
  259.00    0.00   1.415E-04 -153.98  1.348E-01  -73.26      2.28428E-01                 0.0010    89.99   LINEAR
  260.00    0.00   1.436E-04 -153.70  1.351E-01  -76.34      2.29292E-01                 0.0010    89.99   LINEAR
  261.00    0.00   1.457E-04 -153.30  1.352E-01  -79.45      2.29803E-01                 0.0010    89.98   LINEAR
  262.00    0.00   1.478E-04 -152.77  1.353E-01  -82.60      2.29959E-01                 0.0010    89.98   LINEAR
  263.00    0.00   1.500E-04 -152.12  1.352E-01  -85.80      2.29766E-01                 0.0010    89.97   LINEAR
  264.00    0.00   1.522E-04 -151.37  1.351E-01  -89.05      2.29242E-01                 0.0010    89.97   LINEAR
  265.00    0.00   1.544E-04 -150.50  1.348E-01  -92.37      2.28413E-01                 0.0010    89.97   LINEAR
  266.00    0.00   1.568E-04 -149.55  1.345E-01  -95.75      2.27316E-01                 0.0009    89.96   LINEAR
  267.00    0.00   1.592E-04 -148.51  1.341E-01  -99.20      2.25993E-01                 0.0009    89.96   LINEAR
  268.00    0.00   1.617E-04 -147.39  1.337E-01 -102.74      2.24499E-01                 0.0009    89.95   LINEAR
  269.00    0.00   1.643E-04 -146.22  1.332E-01 -106.35      2.22893E-01                 0.0008    89.95   LINEAR
  270.00    0.00   1.671E-04 -144.99  1.327E-01 -110.05      2.21238E-01                 0.0007    89.94   LINEAR
  271.00    0.00   1.701E-04 -143.73  1.322E-01 -113.84      2.19603E-01                 0.0006    89.94   LINEAR
  272.00    0.00   1.732E-04 -142.44  1.317E-01 -117.72      2.18059E-01                 0.0005    89.93   LINEAR
  273.00    0.00   1.765E-04 -141.14  1.313E-01 -121.68      2.16676E-01                 0.0004    89.93   LINEAR
  274.00    0.00   1.799E-04 -139.84  1.310E-01 -125.73      2.15525E-01                 0.0003    89.92   LINEAR
  275.00    0.00   1.835E-04 -138.56  1.307E-01 -129.86      2.14670E-01                 0.0002    89.92   LINEAR
  276.00    0.00   1.874E-04 -137.31  1.305E-01 -134.06      2.14171E-01                 0.0001    89.92   LINEAR
  277.00    0.00   1.913E-04 -136.09  1.305E-01 -138.33      2.14084E-01                 0.0001   -90.08   LINEAR
  278.00    0.00   1.955E-04 -134.93  1.306E-01 -142.65      2.14451E-01                 0.0002   -90.08   LINEAR
  279.00    0.00   1.998E-04 -133.82  1.309E-01 -147.02      2.15309E-01                 0.0003   -90.09   LINEAR
  280.00    0.00   2.042E-04 -132.78  1.313E-01 -151.42      2.16680E-01                 0.0005   -90.08   LINEAR
  281.00    0.00   2.087E-04 -131.82  1.319E-01 -155.85      2.18578E-01                 0.0006   -90.08   LINEAR
  282.00    0.00   2.133E-04 -130.93  1.326E-01 -160.29      2.21002E-01                 0.0008   -90.08   LINEAR
  283.00    0.00   2.179E-04 -130.13  1.335E-01 -164.73      2.23939E-01                 0.0009   -90.08   LINEAR
  284.00    0.00   2.226E-04 -129.41  1.345E-01 -169.17      2.27367E-01                 0.0011   -90.07   LINEAR
  285.00    0.00   2.273E-04 -128.79  1.357E-01 -173.59      2.31248E-01                 0.0012   -90.07   LINEAR
  286.00    0.00   2.320E-04 -128.25  1.369E-01 -177.99      2.35538E-01                 0.0013   -90.06   LINEAR
  287.00    0.00   2.366E-04 -127.81  1.382E-01  177.64      2.40182E-01                 0.0014   -90.06   LINEAR
  288.00    0.00   2.412E-04 -127.46  1.397E-01  173.30      2.45117E-01                 0.0015   -90.05   LINEAR
  289.00    0.00   2.456E-04 -127.20  1.411E-01  168.99      2.50276E-01                 0.0016   -90.04   LINEAR
  290.00    0.00   2.500E-04 -127.02  1.426E-01  164.71      2.55586E-01                 0.0016   -90.04   LINEAR
  291.00    0.00   2.542E-04 -126.94  1.441E-01  160.47      2.60974E-01                 0.0017   -90.03   LINEAR
  292.00    0.00   2.582E-04 -126.95  1.456E-01  156.24      2.66367E-01                 0.0017   -90.02   LINEAR
  293.00    0.00   2.621E-04 -127.03  1.470E-01  152.05      2.71691E-01                 0.0018   -90.02   LINEAR
  294.00    0.00   2.657E-04 -127.20  1.484E-01  147.87      2.76878E-01                 0.0018   -90.01   LINEAR
  295.00    0.00   2.692E-04 -127.45  1.498E-01  143.70      2.81865E-01                 0.0018   -90.00   LINEAR
  296.00    0.00   2.725E-04 -127.78  1.510E-01  139.54      2.86595E-01                 0.0018   -90.00   LINEAR
  297.00    0.00   2.755E-04 -128.18  1.522E-01  135.38      2.91016E-01                 0.0018   -89.99   LINEAR
  298.00    0.00   2.783E-04 -128.65  1.532E-01  131.21      2.95086E-01                 0.0018   -89.98   LINEAR
  299.00    0.00   2.808E-04 -129.19  1.542E-01  127.03      2.98771E-01                 0.0018   -89.98   LINEAR
  300.00    0.00   2.832E-04 -129.79  1.550E-01  122.83      3.02045E-01                 0.0017   -89.97   LINEAR
  301.00    0.00   2.853E-04 -130.45  1.558E-01  118.60      3.04890E-01                 0.0017   -89.96   LINEAR
  302.00    0.00   2.871E-04 -131.17  1.564E-01  114.35      3.07298E-01                 0.0017   -89.96   LINEAR
  303.00    0.00   2.888E-04 -131.95  1.569E-01  110.05      3.09269E-01                 0.0016   -89.95   LINEAR
  304.00    0.00   2.902E-04 -132.77  1.573E-01  105.70      3.10809E-01                 0.0016   -89.94   LINEAR
  305.00    0.00   2.914E-04 -133.64  1.576E-01  101.30      3.11936E-01                 0.0015   -89.94   LINEAR
  306.00    0.00   2.924E-04 -134.55  1.577E-01   96.84      3.12675E-01                 0.0014   -89.93   LINEAR
  307.00    0.00   2.932E-04 -135.50  1.578E-01   92.31      3.13063E-01                 0.0014   -89.93   LINEAR
  308.00    0.00   2.938E-04 -136.48  1.579E-01   87.69      3.13147E-01                 0.0013   -89.92   LINEAR
  309.00    0.00   2.942E-04 -137.49  1.578E-01   83.00      3.12991E-01                 0.0012   -89.92   LINEAR
  310.00    0.00   2.945E-04 -138.53  1.577E-01   78.20      3.12674E-01                 0.0011   -89.91   LINEAR
  311.00    0.00   2.945E-04 -139.59  1.576E-01   73.30      3.12298E-01                 0.0010   -89.91   LINEAR
  312.00    0.00   2.945E-04 -140.66  1.576E-01   68.28      3.11988E-01                 0.0009   -89.91   LINEAR
  313.00    0.00   2.942E-04 -141.75  1.575E-01   63.14      3.11903E-01                 0.0008   -89.90   LINEAR
  314.00    0.00   2.939E-04 -142.84  1.576E-01   57.86      3.12236E-01                 0.0007   -89.90   LINEAR
  315.00    0.00   2.934E-04 -143.94  1.579E-01   52.44      3.13222E-01                 0.0005   -89.90   LINEAR
  316.00    0.00   2.928E-04 -145.04  1.584E-01   46.88      3.15145E-01                 0.0004   -89.90   LINEAR
  317.00    0.00   2.921E-04 -146.14  1.592E-01   41.17      3.18343E-01                 0.0002    90.10   LINEAR
  318.00    0.00   2.912E-04 -147.22  1.604E-01   35.32      3.23214E-01                 0.0001    90.10   LINEAR
  319.00    0.00   2.903E-04 -148.30  1.621E-01   29.34      3.30218E-01                 0.0001    90.10   LINEAR
  320.00    0.00   2.892E-04 -149.36  1.645E-01   23.26      3.39885E-01                 0.0002    90.10   LINEAR
  321.00    0.00   2.881E-04 -150.39  1.676E-01   17.11      3.52813E-01                 0.0004    90.10   LINEAR
  322.00    0.00   2.868E-04 -151.41  1.715E-01   10.93      3.69670E-01                 0.0005    90.09   LINEAR
  323.00    0.00   2.855E-04 -152.40  1.764E-01    4.75      3.91191E-01                 0.0006    90.09   LINEAR
  324.00    0.00   2.841E-04 -153.36  1.824E-01   -1.36      4.18172E-01                 0.0007    90.08   LINEAR
  325.00    0.00   2.826E-04 -154.29  1.895E-01   -7.36      4.51464E-01                 0.0008    90.07   LINEAR
  326.00    0.00   2.811E-04 -155.19  1.979E-01  -13.20      4.91962E-01                 0.0009    90.06   LINEAR
  327.00    0.00   2.794E-04 -156.04  2.074E-01  -18.83      5.40590E-01                 0.0009    90.06   LINEAR
  328.00    0.00   2.778E-04 -156.87  2.182E-01  -24.22      5.98283E-01                 0.0009    90.05   LINEAR
  329.00    0.00   2.760E-04 -157.65  2.302E-01  -29.35      6.65971E-01                 0.0009    90.04   LINEAR
  330.00    0.00   2.742E-04 -158.39  2.434E-01  -34.20      7.44551E-01                 0.0009    90.04   LINEAR
  331.00    0.00   2.723E-04 -159.09  2.578E-01  -38.75      8.34868E-01                 0.0009    90.03   LINEAR
  332.00    0.00   2.704E-04 -159.75  2.732E-01  -43.02      9.37683E-01                 0.0009    90.03   LINEAR
  333.00    0.00   2.685E-04 -160.36  2.896E-01  -47.00      1.05365E+00                 0.0009    90.02   LINEAR
  334.00    0.00   2.665E-04 -160.94  3.069E-01  -50.71      1.18328E+00                 0.0008    90.02   LINEAR
  335.00    0.00   2.645E-04 -161.47  3.250E-01  -54.15      1.32692E+00                 0.0008    90.01   LINEAR
  336.00    0.00   2.624E-04 -161.96  3.437E-01  -57.34      1.48473E+00                 0.0007    90.01   LINEAR
  337.00    0.00   2.603E-04 -162.41  3.631E-01  -60.29      1.65664E+00                 0.0007    90.01   LINEAR
  338.00    0.00   2.582E-04 -162.83  3.829E-01  -63.03      1.84236E+00                 0.0007    90.01   LINEAR
  339.00    0.00   2.561E-04 -163.20  4.030E-01  -65.55      2.04134E+00                 0.0006    90.00   LINEAR
  340.00    0.00   2.539E-04 -163.55  4.234E-01  -67.88      2.25273E+00                 0.0006    90.00   LINEAR
  341.00    0.00   2.518E-04 -163.86  4.438E-01  -70.03      2.47545E+00                 0.0006    90.00   LINEAR
  342.00    0.00   2.496E-04 -164.14  4.642E-01  -72.02      2.70811E+00                 0.0005    90.00   LINEAR
  343.00    0.00   2.474E-04 -164.40  4.844E-01  -73.84      2.94906E+00                 0.0005    90.00   LINEAR
  344.00    0.00   2.452E-04 -164.63  5.043E-01  -75.51      3.19640E+00                 0.0005    90.00   LINEAR
  345.00    0.00   2.430E-04 -164.84  5.238E-01  -77.05      3.44796E+00                 0.0005    90.00   LINEAR
  346.00    0.00   2.407E-04 -165.03  5.427E-01  -78.45      3.70138E+00                 0.0004    90.00   LINEAR
  347.00    0.00   2.384E-04 -165.21  5.609E-01  -79.72      3.95413E+00                 0.0004    90.00   LINEAR
  348.00    0.00   2.361E-04 -165.38  5.784E-01  -80.88      4.20350E+00                 0.0004    90.00   LINEAR
  349.00    0.00   2.338E-04 -165.54  5.949E-01  -81.93      4.44672E+00                 0.0004    90.00   LINEAR
  350.00    0.00   2.314E-04 -165.70  6.103E-01  -82.87      4.68093E+00                 0.0004    90.00   LINEAR
  351.00    0.00   2.290E-04 -165.86  6.247E-01  -83.71      4.90332E+00                 0.0004    90.00   LINEAR
  352.00    0.00   2.265E-04 -166.02  6.378E-01  -84.45      5.11110E+00                 0.0004    90.00   LINEAR
  353.00    0.00   2.240E-04 -166.18  6.495E-01  -85.10      5.30159E+00                 0.0003    90.00   LINEAR
  354.00    0.00   2.214E-04 -166.36  6.599E-01  -85.65      5.47230E+00                 0.0003    90.00   LINEAR
  355.00    0.00   2.188E-04 -166.55  6.688E-01  -86.11      5.62093E+00                 0.0003    90.00   LINEAR
  356.00    0.00   2.161E-04 -166.75  6.762E-01  -86.49      5.74544E+00                 0.0003    90.00   LINEAR
  357.00    0.00   2.133E-04 -166.97  6.820E-01  -86.78      5.84412E+00                 0.0003    90.00   LINEAR
  358.00    0.00   2.104E-04 -167.21  6.861E-01  -86.99      5.91559E+00                 0.0003    90.00   LINEAR
  359.00    0.00   2.075E-04 -167.47  6.886E-01  -87.11      5.95884E+00                 0.0003    90.00   LINEAR
  360.00    0.00   2.045E-04 -167.76  6.894E-01  -87.15      5.97324E+00                 0.0003    90.00   LINEAR

 read from input file:
EN       0    0    0    0    0 0.000E+00 0.000E+00 0.000E+00 0.000E+00 0.000E+00 0.000E+00 0.000E+00 0.000E+00


                    SUMMARY OF REQUIRED TIMES IN SECONDS

                                             CPU-time       runtime
 Reading and constructing the geometry          0.089         0.088
 Checking the geometry                          0.008         0.009
 Initialisation of the Green's function         0.000         0.000
 Calcul. of coupling for PO/Fock                0.000         0.000
 Transformation to equivalent sources           0.000         0.000
 Ray launching/tracing phase of RL-GO           0.000         0.000
 Calcul. of the MLFMM transfer function         0.065         0.066
 Fourier transform of MLFMM basis funct.        0.067         0.067
 Calcul. of matrix elements                     0.873         0.873
 Calcul. of right-hand side vector              0.004         0.005
 Preconditioning system of linear eqns.         0.513         0.513
 Solution of the system of linear eqns.         0.562         0.562
 Calcul. of characteristic modes                0.000         0.000
 Determination of surface currents              0.000         0.000
 Calcul. of impedances/powers/losses            0.102         0.102
 Calcul. of averaged SAR values                 0.000         0.000
 Calcul. of power receiving antenna             0.000         0.000
 Calcul. of cable coupling                      0.000         0.000
 Calcul. of error estimates                     0.000         0.000
 Calcul. of electric near field                 0.000         0.000
 Calcul. of magnetic near field                 0.000         0.000
 Calcul. of far field                           0.044         0.042
                            other               0.114         0.114
                                         ------------  ------------
                         total times:           2.441         2.441
               (total times in hours:           0.001         0.001)

 Specified CPU-times are referring to the master process only
 Sum of the CPU-times of all processes:         9.764 seconds (     0.003 hours)
 On average per process:                        2.441 seconds (     0.001 hours)

 Peak memory usage during the whole solution: 53.361 MByte
 (refers to the master process only)
 Sum of the peak memory of all processes:     217.464 MByte
 On average per process:                      54.366 MByte

Finished: 2022-12-05 12:14:41                     
